#options: 480x852 fps=30/1 timebase=1/30 bitdepth=8 cabac=1 ref=1 deblock=1:0:0 analyse=0x1:0 me=dia subme=2 psy=1 psy_rd=1.00:0.00 mixed_ref=0 me_range=16 chroma_me=1 trellis=0 8x8dct=0 cqm=0 deadzone=21,11 fast_pskip=1 chroma_qp_offset=0 threads=12 lookahead_threads=4 sliced_threads=0 nr=0 decimate=1 interlaced=0 bluray_compat=0 constrained_intra=0 bframes=3 b_pyramid=2 b_adapt=1 b_bias=0 direct=1 weightb=1 open_gop=0 weightp=1 keyint=250 keyint_min=25 scenecut=40 intra_refresh=0 rc_lookahead=10 rc=abr mbtree=1 bitrate=18407 ratetol=1.0 qcomp=0.60 qpmin=0 qpmax=69 qpstep=4 vbv_maxrate=22088 vbv_bufsize=36814 nal_hrd=none filler=0 ip_ratio=1.40 aq=1:1.00
in:0 out:0 type:I dur:2 cpbdur:2 q:14.64 aq:15.05 tex:1858438 mv:74634 misc:176 imb:1620 pmb:0 smb:0 d:- ref:;
in:4 out:1 type:P dur:2 cpbdur:2 q:12.55 aq:13.16 tex:2120883 mv:6315 misc:194 imb:1454 pmb:166 smb:0 d:- ref:0 ;
in:2 out:2 type:B dur:2 cpbdur:2 q:15.93 aq:16.69 tex:1653617 mv:23084 misc:315 imb:818 pmb:778 smb:24 d:- ref:0 ;
in:1 out:3 type:b dur:2 cpbdur:2 q:16.06 aq:17.42 tex:1400750 mv:21593 misc:273 imb:560 pmb:1038 smb:22 d:- ref:0 ;
in:3 out:4 type:b dur:2 cpbdur:2 q:15.93 aq:17.25 tex:1438273 mv:21509 misc:338 imb:595 pmb:992 smb:33 d:- ref:0 ;
in:8 out:5 type:P dur:2 cpbdur:2 q:12.85 aq:13.68 tex:2094541 mv:7714 misc:225 imb:1341 pmb:279 smb:0 d:- ref:0 ;
in:6 out:6 type:B dur:2 cpbdur:2 q:14.34 aq:15.36 tex:1737061 mv:20892 misc:375 imb:758 pmb:836 smb:26 d:- ref:0 ;
in:5 out:7 type:b dur:2 cpbdur:2 q:17.73 aq:19.19 tex:1244872 mv:21607 misc:361 imb:623 pmb:960 smb:37 d:- ref:0 ;
in:7 out:8 type:b dur:2 cpbdur:2 q:14.46 aq:16.40 tex:1585914 mv:19571 misc:419 imb:879 pmb:709 smb:32 d:- ref:0 ;
in:11 out:9 type:P dur:2 cpbdur:2 q:13.22 aq:13.23 tex:2174459 mv:9350 misc:231 imb:1151 pmb:469 smb:0 d:- ref:0 ;
in:9 out:10 type:B dur:2 cpbdur:2 q:13.27 aq:14.95 tex:1638312 mv:15047 misc:433 imb:822 pmb:765 smb:33 d:- ref:0 ;
in:10 out:11 type:b dur:2 cpbdur:2 q:13.28 aq:15.29 tex:1564105 mv:17481 misc:510 imb:831 pmb:728 smb:61 d:- ref:0 ;
in:15 out:12 type:P dur:2 cpbdur:2 q:20.61 aq:20.65 tex:1315471 mv:8644 misc:229 imb:917 pmb:701 smb:2 d:- ref:0 ;
in:13 out:13 type:B dur:2 cpbdur:2 q:20.54 aq:21.77 tex:976317 mv:15239 misc:388 imb:822 pmb:760 smb:38 d:- ref:0 ;
in:12 out:14 type:b dur:2 cpbdur:2 q:20.56 aq:22.79 tex:834981 mv:14735 misc:580 imb:829 pmb:702 smb:89 d:- ref:0 ;
in:14 out:15 type:b dur:2 cpbdur:2 q:20.58 aq:22.67 tex:796133 mv:13326 misc:789 imb:820 pmb:660 smb:140 d:- ref:0 ;
in:19 out:16 type:P dur:2 cpbdur:2 q:25.49 aq:25.27 tex:851866 mv:8277 misc:169 imb:931 pmb:689 smb:0 d:- ref:0 ;
in:17 out:17 type:B dur:2 cpbdur:2 q:25.42 aq:26.32 tex:593837 mv:12312 misc:571 imb:866 pmb:677 smb:77 d:- ref:0 ;
in:16 out:18 type:b dur:2 cpbdur:2 q:25.38 aq:26.72 tex:509663 mv:11172 misc:1061 imb:827 pmb:500 smb:293 d:- ref:0 ;
in:18 out:19 type:b dur:2 cpbdur:2 q:25.46 aq:26.68 tex:505295 mv:10977 misc:1064 imb:844 pmb:457 smb:319 d:- ref:0 ;
in:23 out:20 type:P dur:2 cpbdur:2 q:25.93 aq:25.76 tex:800720 mv:7947 misc:157 imb:922 pmb:698 smb:0 d:- ref:0 ;
in:21 out:21 type:B dur:2 cpbdur:2 q:25.93 aq:27.00 tex:542096 mv:13208 misc:416 imb:864 pmb:719 smb:37 d:- ref:0 ;
in:20 out:22 type:b dur:2 cpbdur:2 q:25.93 aq:27.40 tex:458492 mv:11177 misc:1051 imb:881 pmb:454 smb:285 d:- ref:0 ;
in:22 out:23 type:b dur:2 cpbdur:2 q:25.93 aq:27.61 tex:463211 mv:11547 misc:962 imb:866 pmb:536 smb:218 d:- ref:0 ;
in:27 out:24 type:P dur:2 cpbdur:2 q:26.20 aq:26.01 tex:745316 mv:7528 misc:156 imb:912 pmb:708 smb:0 d:- ref:0 ;
in:25 out:25 type:B dur:2 cpbdur:2 q:26.19 aq:27.13 tex:520490 mv:11530 misc:644 imb:870 pmb:634 smb:116 d:- ref:0 ;
in:24 out:26 type:b dur:2 cpbdur:2 q:26.19 aq:27.41 tex:435711 mv:10019 misc:1182 imb:862 pmb:369 smb:389 d:- ref:0 ;
in:26 out:27 type:b dur:2 cpbdur:2 q:26.20 aq:27.51 tex:434778 mv:10176 misc:1086 imb:874 pmb:410 smb:336 d:- ref:0 ;
in:31 out:28 type:P dur:2 cpbdur:2 q:26.61 aq:26.44 tex:690906 mv:7438 misc:160 imb:920 pmb:700 smb:0 d:- ref:0 ;
in:29 out:29 type:B dur:2 cpbdur:2 q:26.61 aq:27.38 tex:492276 mv:11542 misc:766 imb:880 pmb:594 smb:146 d:- ref:0 ;
in:28 out:30 type:b dur:2 cpbdur:2 q:26.60 aq:27.43 tex:424146 mv:10085 misc:1153 imb:874 pmb:350 smb:396 d:- ref:0 ;
in:30 out:31 type:b dur:2 cpbdur:2 q:26.61 aq:27.58 tex:423991 mv:10072 misc:1161 imb:859 pmb:371 smb:390 d:- ref:0 ;
in:35 out:32 type:P dur:2 cpbdur:2 q:26.84 aq:27.01 tex:605546 mv:7515 misc:235 imb:931 pmb:674 smb:15 d:- ref:0 ;
in:33 out:33 type:B dur:2 cpbdur:2 q:26.84 aq:27.75 tex:460057 mv:12379 misc:604 imb:880 pmb:638 smb:102 d:- ref:0 ;
in:32 out:34 type:b dur:2 cpbdur:2 q:26.84 aq:28.30 tex:406806 mv:10345 misc:1065 imb:893 pmb:432 smb:295 d:- ref:0 ;
in:34 out:35 type:b dur:2 cpbdur:2 q:26.84 aq:28.04 tex:402050 mv:10648 misc:1102 imb:873 pmb:392 smb:355 d:- ref:0 ;
in:37 out:36 type:P dur:2 cpbdur:2 q:26.83 aq:26.62 tex:586023 mv:6512 misc:289 imb:934 pmb:643 smb:43 d:- ref:0 ;
in:36 out:37 type:b dur:2 cpbdur:2 q:26.84 aq:28.29 tex:439959 mv:12108 misc:885 imb:929 pmb:483 smb:208 d:- ref:0 ;
in:41 out:38 type:P dur:2 cpbdur:2 q:26.75 aq:26.44 tex:656962 mv:7911 misc:143 imb:991 pmb:629 smb:0 d:- ref:0 ;
in:39 out:39 type:B dur:2 cpbdur:2 q:26.83 aq:27.76 tex:480240 mv:12807 misc:425 imb:924 pmb:653 smb:43 d:- ref:0 ;
in:38 out:40 type:b dur:2 cpbdur:2 q:26.83 aq:28.07 tex:421705 mv:10530 misc:1021 imb:921 pmb:392 smb:307 d:- ref:0 ;
in:40 out:41 type:b dur:2 cpbdur:2 q:26.83 aq:28.25 tex:419233 mv:11239 misc:1008 imb:919 pmb:451 smb:250 d:- ref:0 ;
in:45 out:42 type:P dur:2 cpbdur:2 q:26.70 aq:27.02 tex:571584 mv:7109 misc:259 imb:969 pmb:637 smb:14 d:- ref:0 ;
in:43 out:43 type:B dur:2 cpbdur:2 q:26.75 aq:27.79 tex:468107 mv:11502 misc:623 imb:930 pmb:592 smb:98 d:- ref:0 ;
in:42 out:44 type:b dur:2 cpbdur:2 q:26.75 aq:27.59 tex:432813 mv:9858 misc:1097 imb:911 pmb:334 smb:375 d:- ref:0 ;
in:44 out:45 type:b dur:2 cpbdur:2 q:26.75 aq:27.96 tex:444712 mv:11760 misc:928 imb:924 pmb:469 smb:227 d:- ref:0 ;
in:48 out:46 type:P dur:2 cpbdur:2 q:26.58 aq:28.15 tex:490102 mv:6834 misc:544 imb:985 pmb:551 smb:84 d:- ref:0 ;
in:46 out:47 type:B dur:2 cpbdur:2 q:26.70 aq:27.71 tex:474131 mv:11579 misc:866 imb:945 pmb:485 smb:190 d:- ref:0 ;
in:47 out:48 type:b dur:2 cpbdur:2 q:26.70 aq:28.11 tex:430325 mv:11801 misc:834 imb:934 pmb:505 smb:181 d:- ref:0 ;
in:49 out:49 type:I dur:2 cpbdur:2 q:21.82 aq:21.45 tex:1389978 mv:65145 misc:109 imb:1620 pmb:0 smb:0 d:- ref:;
in:53 out:50 type:P dur:2 cpbdur:2 q:26.68 aq:26.59 tex:672597 mv:9370 misc:161 imb:653 pmb:966 smb:1 d:- ref:0 ;
in:51 out:51 type:B dur:2 cpbdur:2 q:26.68 aq:27.59 tex:433036 mv:15685 misc:367 imb:440 pmb:1135 smb:45 d:- ref:0 ;
in:50 out:52 type:b dur:2 cpbdur:2 q:26.68 aq:28.43 tex:333466 mv:15154 misc:636 imb:447 pmb:1043 smb:130 d:- ref:0 ;
in:52 out:53 type:b dur:2 cpbdur:2 q:26.68 aq:28.35 tex:325496 mv:14167 misc:697 imb:409 pmb:1074 smb:137 d:- ref:0 ;
in:57 out:54 type:P dur:2 cpbdur:2 q:26.55 aq:26.85 tex:659603 mv:10440 misc:165 imb:660 pmb:960 smb:0 d:- ref:0 ;
in:55 out:55 type:B dur:2 cpbdur:2 q:26.67 aq:27.67 tex:430706 mv:16203 misc:331 imb:452 pmb:1130 smb:38 d:- ref:0 ;
in:54 out:56 type:b dur:2 cpbdur:2 q:26.67 aq:28.59 tex:363167 mv:17154 misc:519 imb:455 pmb:1081 smb:84 d:- ref:0 ;
in:56 out:57 type:b dur:2 cpbdur:2 q:26.67 aq:28.39 tex:329465 mv:15199 misc:664 imb:420 pmb:1054 smb:146 d:- ref:0 ;
in:61 out:58 type:P dur:2 cpbdur:2 q:26.44 aq:27.15 tex:691563 mv:11997 misc:160 imb:846 pmb:774 smb:0 d:- ref:0 ;
in:59 out:59 type:B dur:2 cpbdur:2 q:26.55 aq:27.71 tex:478805 mv:19844 misc:327 imb:505 pmb:1086 smb:29 d:- ref:0 ;
in:58 out:60 type:b dur:2 cpbdur:2 q:26.55 aq:28.35 tex:361452 mv:16993 misc:515 imb:450 pmb:1066 smb:104 d:- ref:0 ;
in:60 out:61 type:b dur:2 cpbdur:2 q:26.55 aq:28.45 tex:396533 mv:21064 misc:435 imb:490 pmb:1066 smb:64 d:- ref:0 ;
in:65 out:62 type:P dur:2 cpbdur:2 q:26.58 aq:27.10 tex:701870 mv:11707 misc:215 imb:943 pmb:665 smb:12 d:- ref:0 ;
in:63 out:63 type:B dur:2 cpbdur:2 q:26.58 aq:27.57 tex:514145 mv:22462 misc:305 imb:602 pmb:987 smb:31 d:- ref:0 ;
in:62 out:64 type:b dur:2 cpbdur:2 q:26.58 aq:28.40 tex:399438 mv:21380 misc:406 imb:528 pmb:1025 smb:67 d:- ref:0 ;
in:64 out:65 type:b dur:2 cpbdur:2 q:26.58 aq:28.26 tex:401824 mv:18994 misc:446 imb:555 pmb:987 smb:78 d:- ref:0 ;
in:69 out:66 type:P dur:2 cpbdur:2 q:26.45 aq:26.42 tex:761909 mv:11370 misc:153 imb:918 pmb:702 smb:0 d:- ref:0 ;
in:67 out:67 type:B dur:2 cpbdur:2 q:26.58 aq:27.26 tex:534702 mv:20740 misc:254 imb:659 pmb:944 smb:17 d:- ref:0 ;
in:66 out:68 type:b dur:2 cpbdur:2 q:26.58 aq:28.14 tex:420317 mv:19382 misc:349 imb:597 pmb:969 smb:54 d:- ref:0 ;
in:68 out:69 type:b dur:2 cpbdur:2 q:26.58 aq:28.11 tex:423768 mv:17828 misc:364 imb:620 pmb:950 smb:50 d:- ref:0 ;
in:73 out:70 type:P dur:2 cpbdur:2 q:26.32 aq:26.42 tex:688279 mv:9500 misc:157 imb:773 pmb:847 smb:0 d:- ref:0 ;
in:71 out:71 type:B dur:2 cpbdur:2 q:26.45 aq:27.32 tex:469889 mv:16662 misc:401 imb:580 pmb:965 smb:75 d:- ref:0 ;
in:70 out:72 type:b dur:2 cpbdur:2 q:26.45 aq:27.90 tex:454025 mv:19035 misc:332 imb:638 pmb:932 smb:50 d:- ref:0 ;
in:72 out:73 type:b dur:2 cpbdur:2 q:26.45 aq:28.00 tex:429326 mv:17503 misc:467 imb:581 pmb:944 smb:95 d:- ref:0 ;
in:77 out:74 type:P dur:2 cpbdur:2 q:26.18 aq:25.99 tex:758906 mv:10772 misc:170 imb:814 pmb:804 smb:2 d:- ref:0 ;
in:75 out:75 type:B dur:2 cpbdur:2 q:26.32 aq:27.10 tex:520220 mv:18122 misc:370 imb:606 pmb:963 smb:51 d:- ref:0 ;
in:74 out:76 type:b dur:2 cpbdur:2 q:26.32 aq:27.88 tex:423774 mv:16861 misc:469 imb:586 pmb:932 smb:102 d:- ref:0 ;
in:76 out:77 type:b dur:2 cpbdur:2 q:26.32 aq:27.80 tex:406724 mv:15093 misc:575 imb:539 pmb:942 smb:139 d:- ref:0 ;
in:81 out:78 type:P dur:2 cpbdur:2 q:26.11 aq:25.93 tex:758109 mv:9796 misc:151 imb:796 pmb:824 smb:0 d:- ref:0 ;
in:79 out:79 type:B dur:2 cpbdur:2 q:26.17 aq:27.02 tex:505330 mv:16255 misc:327 imb:588 pmb:1002 smb:30 d:- ref:0 ;
in:78 out:80 type:b dur:2 cpbdur:2 q:26.17 aq:27.62 tex:419504 mv:15394 misc:550 imb:574 pmb:904 smb:142 d:- ref:0 ;
in:80 out:81 type:b dur:2 cpbdur:2 q:26.17 aq:27.71 tex:423384 mv:15934 misc:522 imb:583 pmb:935 smb:102 d:- ref:0 ;
in:85 out:82 type:P dur:2 cpbdur:2 q:26.07 aq:26.03 tex:743419 mv:10287 misc:150 imb:781 pmb:839 smb:0 d:- ref:0 ;
in:83 out:83 type:B dur:2 cpbdur:2 q:26.11 aq:26.98 tex:527185 mv:17150 misc:361 imb:594 pmb:974 smb:52 d:- ref:0 ;
in:82 out:84 type:b dur:2 cpbdur:2 q:26.11 aq:27.71 tex:454894 mv:18045 misc:389 imb:623 pmb:941 smb:56 d:- ref:0 ;
in:84 out:85 type:b dur:2 cpbdur:2 q:26.11 aq:27.71 tex:429106 mv:15640 misc:566 imb:579 pmb:923 smb:118 d:- ref:0 ;
in:89 out:86 type:P dur:2 cpbdur:2 q:26.06 aq:25.86 tex:764712 mv:10033 misc:167 imb:789 pmb:831 smb:0 d:- ref:0 ;
in:87 out:87 type:B dur:2 cpbdur:2 q:26.07 aq:26.90 tex:537950 mv:17472 misc:370 imb:590 pmb:984 smb:46 d:- ref:0 ;
in:86 out:88 type:b dur:2 cpbdur:2 q:26.07 aq:27.65 tex:437420 mv:16788 misc:568 imb:588 pmb:909 smb:123 d:- ref:0 ;
in:88 out:89 type:b dur:2 cpbdur:2 q:26.07 aq:27.65 tex:429677 mv:14549 misc:574 imb:542 pmb:955 smb:123 d:- ref:0 ;
in:93 out:90 type:P dur:2 cpbdur:2 q:26.03 aq:26.01 tex:722316 mv:9417 misc:211 imb:749 pmb:863 smb:8 d:- ref:0 ;
in:91 out:91 type:B dur:2 cpbdur:2 q:26.06 aq:26.89 tex:516767 mv:16389 misc:364 imb:590 pmb:981 smb:49 d:- ref:0 ;
in:90 out:92 type:b dur:2 cpbdur:2 q:26.06 aq:27.67 tex:416746 mv:15168 misc:574 imb:555 pmb:935 smb:130 d:- ref:0 ;
in:92 out:93 type:b dur:2 cpbdur:2 q:26.06 aq:27.66 tex:423602 mv:15403 misc:491 imb:549 pmb:956 smb:115 d:- ref:0 ;
in:97 out:94 type:P dur:2 cpbdur:2 q:25.95 aq:25.81 tex:773448 mv:10075 misc:165 imb:815 pmb:805 smb:0 d:- ref:0 ;
in:95 out:95 type:B dur:2 cpbdur:2 q:26.02 aq:26.79 tex:537870 mv:17287 misc:339 imb:608 pmb:980 smb:32 d:- ref:0 ;
in:94 out:96 type:b dur:2 cpbdur:2 q:26.03 aq:27.71 tex:435721 mv:16675 misc:460 imb:586 pmb:946 smb:88 d:- ref:0 ;
in:96 out:97 type:b dur:2 cpbdur:2 q:26.02 aq:27.60 tex:440780 mv:16439 misc:453 imb:595 pmb:939 smb:86 d:- ref:0 ;
in:101 out:98 type:P dur:2 cpbdur:2 q:25.97 aq:25.86 tex:756813 mv:9983 misc:164 imb:798 pmb:822 smb:0 d:- ref:0 ;
in:99 out:99 type:B dur:2 cpbdur:2 q:25.97 aq:26.74 tex:539226 mv:16308 misc:354 imb:587 pmb:988 smb:45 d:- ref:0 ;
in:98 out:100 type:b dur:2 cpbdur:2 q:25.97 aq:27.58 tex:444824 mv:17264 misc:472 imb:588 pmb:944 smb:88 d:- ref:0 ;
in:100 out:101 type:b dur:2 cpbdur:2 q:25.97 aq:27.52 tex:436036 mv:15598 misc:494 imb:571 pmb:949 smb:100 d:- ref:0 ;
in:105 out:102 type:P dur:2 cpbdur:2 q:25.92 aq:25.92 tex:770158 mv:9840 misc:154 imb:792 pmb:828 smb:0 d:- ref:0 ;
in:103 out:103 type:B dur:2 cpbdur:2 q:25.97 aq:26.77 tex:530760 mv:15844 misc:316 imb:577 pmb:1014 smb:29 d:- ref:0 ;
in:102 out:104 type:b dur:2 cpbdur:2 q:25.97 aq:27.51 tex:427551 mv:14133 misc:596 imb:555 pmb:957 smb:108 d:- ref:0 ;
in:104 out:105 type:b dur:2 cpbdur:2 q:25.97 aq:27.66 tex:429247 mv:14840 misc:529 imb:570 pmb:949 smb:101 d:- ref:0 ;
in:109 out:106 type:P dur:2 cpbdur:2 q:25.90 aq:25.72 tex:821159 mv:9387 misc:158 imb:813 pmb:807 smb:0 d:- ref:0 ;
in:107 out:107 type:B dur:2 cpbdur:2 q:25.92 aq:26.93 tex:516286 mv:14680 misc:370 imb:517 pmb:1059 smb:44 d:- ref:0 ;
in:106 out:108 type:b dur:2 cpbdur:2 q:25.92 aq:27.80 tex:407441 mv:14134 misc:681 imb:522 pmb:918 smb:180 d:- ref:0 ;
in:108 out:109 type:b dur:2 cpbdur:2 q:25.92 aq:27.53 tex:396361 mv:13037 misc:810 imb:499 pmb:873 smb:248 d:- ref:0 ;
in:113 out:110 type:P dur:2 cpbdur:2 q:25.89 aq:25.77 tex:762539 mv:9631 misc:150 imb:702 pmb:918 smb:0 d:- ref:0 ;
in:111 out:111 type:B dur:2 cpbdur:2 q:25.90 aq:26.80 tex:508361 mv:16303 misc:512 imb:503 pmb:1028 smb:89 d:- ref:0 ;
in:110 out:112 type:b dur:2 cpbdur:2 q:25.90 aq:27.59 tex:406506 mv:14607 misc:671 imb:488 pmb:928 smb:204 d:- ref:0 ;
in:112 out:113 type:b dur:2 cpbdur:2 q:25.90 aq:27.73 tex:404879 mv:14157 misc:708 imb:509 pmb:937 smb:174 d:- ref:0 ;
in:117 out:114 type:P dur:2 cpbdur:2 q:25.90 aq:25.82 tex:747186 mv:9828 misc:162 imb:689 pmb:931 smb:0 d:- ref:0 ;
in:115 out:115 type:B dur:2 cpbdur:2 q:25.90 aq:26.85 tex:505750 mv:15973 misc:429 imb:527 pmb:1020 smb:73 d:- ref:0 ;
in:114 out:116 type:b dur:2 cpbdur:2 q:25.90 aq:27.47 tex:419869 mv:16228 misc:623 imb:530 pmb:872 smb:218 d:- ref:0 ;
in:116 out:117 type:b dur:2 cpbdur:2 q:25.90 aq:27.62 tex:415019 mv:15738 misc:643 imb:512 pmb:924 smb:184 d:- ref:0 ;
in:121 out:118 type:P dur:2 cpbdur:2 q:25.79 aq:25.79 tex:744770 mv:9261 misc:209 imb:688 pmb:921 smb:11 d:- ref:0 ;
in:119 out:119 type:B dur:2 cpbdur:2 q:25.90 aq:26.91 tex:504427 mv:16331 misc:482 imb:506 pmb:1030 smb:84 d:- ref:0 ;
in:118 out:120 type:b dur:2 cpbdur:2 q:25.90 aq:27.45 tex:408977 mv:14435 misc:644 imb:507 pmb:892 smb:221 d:- ref:0 ;
in:120 out:121 type:b dur:2 cpbdur:2 q:25.90 aq:27.65 tex:398998 mv:14712 misc:698 imb:489 pmb:926 smb:205 d:- ref:0 ;
in:125 out:122 type:P dur:2 cpbdur:2 q:25.73 aq:25.59 tex:798165 mv:9998 misc:173 imb:728 pmb:892 smb:0 d:- ref:0 ;
in:123 out:123 type:B dur:2 cpbdur:2 q:25.79 aq:26.79 tex:526060 mv:16488 misc:436 imb:513 pmb:1053 smb:54 d:- ref:0 ;
in:122 out:124 type:b dur:2 cpbdur:2 q:25.79 aq:27.42 tex:416946 mv:14360 misc:726 imb:513 pmb:891 smb:216 d:- ref:0 ;
in:124 out:125 type:b dur:2 cpbdur:2 q:25.79 aq:27.50 tex:417842 mv:14973 misc:681 imb:503 pmb:929 smb:188 d:- ref:0 ;
in:129 out:126 type:P dur:2 cpbdur:2 q:25.66 aq:25.45 tex:791287 mv:9424 misc:161 imb:702 pmb:918 smb:0 d:- ref:0 ;
in:127 out:127 type:B dur:2 cpbdur:2 q:25.73 aq:26.68 tex:530312 mv:16400 misc:480 imb:522 pmb:1020 smb:78 d:- ref:0 ;
in:126 out:128 type:b dur:2 cpbdur:2 q:25.73 aq:27.35 tex:423233 mv:15443 misc:676 imb:495 pmb:926 smb:199 d:- ref:0 ;
in:128 out:129 type:b dur:2 cpbdur:2 q:25.73 aq:27.52 tex:432909 mv:15429 misc:614 imb:509 pmb:941 smb:170 d:- ref:0 ;
in:133 out:130 type:P dur:2 cpbdur:2 q:25.70 aq:25.59 tex:748907 mv:8606 misc:167 imb:677 pmb:943 smb:0 d:- ref:0 ;
in:131 out:131 type:B dur:2 cpbdur:2 q:25.70 aq:26.66 tex:519601 mv:14512 misc:479 imb:507 pmb:1036 smb:77 d:- ref:0 ;
in:130 out:132 type:b dur:2 cpbdur:2 q:25.70 aq:27.25 tex:421633 mv:14711 misc:656 imb:508 pmb:895 smb:217 d:- ref:0 ;
in:132 out:133 type:b dur:2 cpbdur:2 q:25.70 aq:27.43 tex:430860 mv:15019 misc:625 imb:483 pmb:950 smb:187 d:- ref:0 ;
in:137 out:134 type:P dur:2 cpbdur:2 q:25.61 aq:26.09 tex:695385 mv:9839 misc:176 imb:706 pmb:912 smb:2 d:- ref:0 ;
in:135 out:135 type:B dur:2 cpbdur:2 q:25.70 aq:26.77 tex:518462 mv:16269 misc:437 imb:524 pmb:1020 smb:76 d:- ref:0 ;
in:134 out:136 type:b dur:2 cpbdur:2 q:25.70 aq:27.31 tex:423744 mv:14971 misc:693 imb:491 pmb:911 smb:218 d:- ref:0 ;
in:136 out:137 type:b dur:2 cpbdur:2 q:25.70 aq:27.45 tex:429648 mv:14285 misc:771 imb:496 pmb:920 smb:204 d:- ref:0 ;
in:140 out:138 type:P dur:2 cpbdur:2 q:25.52 aq:27.34 tex:547429 mv:9699 misc:384 imb:717 pmb:850 smb:53 d:- ref:0 ;
in:138 out:139 type:B dur:2 cpbdur:2 q:25.61 aq:26.96 tex:490396 mv:15508 misc:584 imb:543 pmb:960 smb:117 d:- ref:0 ;
in:139 out:140 type:b dur:2 cpbdur:2 q:25.61 aq:27.33 tex:431684 mv:15725 misc:639 imb:476 pmb:945 smb:199 d:- ref:0 ;
in:141 out:141 type:I dur:2 cpbdur:2 q:22.85 aq:22.54 tex:1174093 mv:42057 misc:106 imb:1620 pmb:0 smb:0 d:- ref:;
in:145 out:142 type:P dur:2 cpbdur:2 q:25.55 aq:25.35 tex:812279 mv:8004 misc:149 imb:1079 pmb:541 smb:0 d:- ref:0 ;
in:143 out:143 type:B dur:2 cpbdur:2 q:25.55 aq:26.00 tex:638572 mv:15347 misc:345 imb:899 pmb:651 smb:70 d:- ref:0 ;
in:142 out:144 type:b dur:2 cpbdur:2 q:25.55 aq:26.48 tex:579152 mv:15406 misc:450 imb:890 pmb:615 smb:115 d:- ref:0 ;
in:144 out:145 type:b dur:2 cpbdur:2 q:25.55 aq:26.38 tex:565587 mv:14476 misc:457 imb:855 pmb:626 smb:139 d:- ref:0 ;
in:149 out:146 type:P dur:2 cpbdur:2 q:25.55 aq:25.38 tex:800808 mv:8342 misc:162 imb:1044 pmb:576 smb:0 d:- ref:0 ;
in:147 out:147 type:B dur:2 cpbdur:2 q:25.55 aq:26.02 tex:644215 mv:15095 misc:378 imb:893 pmb:661 smb:66 d:- ref:0 ;
in:146 out:148 type:b dur:2 cpbdur:2 q:25.55 aq:26.50 tex:566211 mv:15383 misc:446 imb:860 pmb:614 smb:146 d:- ref:0 ;
in:148 out:149 type:b dur:2 cpbdur:2 q:25.55 aq:26.55 tex:560021 mv:13568 misc:611 imb:855 pmb:612 smb:153 d:- ref:0 ;
in:153 out:150 type:P dur:2 cpbdur:2 q:25.53 aq:25.44 tex:784466 mv:8396 misc:162 imb:1037 pmb:583 smb:0 d:- ref:0 ;
in:151 out:151 type:B dur:2 cpbdur:2 q:25.55 aq:26.08 tex:636782 mv:15210 misc:384 imb:864 pmb:681 smb:75 d:- ref:0 ;
in:150 out:152 type:b dur:2 cpbdur:2 q:25.55 aq:26.46 tex:571257 mv:15387 misc:476 imb:867 pmb:617 smb:136 d:- ref:0 ;
in:152 out:153 type:b dur:2 cpbdur:2 q:25.55 aq:26.55 tex:586052 mv:15676 misc:504 imb:876 pmb:616 smb:128 d:- ref:0 ;
in:157 out:154 type:P dur:2 cpbdur:2 q:25.56 aq:25.78 tex:732831 mv:8238 misc:155 imb:1016 pmb:603 smb:1 d:- ref:0 ;
in:155 out:155 type:B dur:2 cpbdur:2 q:25.56 aq:26.15 tex:626189 mv:15608 misc:411 imb:880 pmb:667 smb:73 d:- ref:0 ;
in:154 out:156 type:b dur:2 cpbdur:2 q:25.56 aq:26.36 tex:570193 mv:14947 misc:468 imb:885 pmb:593 smb:142 d:- ref:0 ;
in:156 out:157 type:b dur:2 cpbdur:2 q:25.56 aq:26.43 tex:627384 mv:14122 misc:430 imb:1045 pmb:451 smb:124 d:- ref:0 ;
in:161 out:158 type:P dur:2 cpbdur:2 q:25.62 aq:25.46 tex:810841 mv:6839 misc:160 imb:1246 pmb:374 smb:0 d:- ref:0 ;
in:159 out:159 type:B dur:2 cpbdur:2 q:25.62 aq:25.99 tex:670748 mv:14945 misc:387 imb:1021 pmb:530 smb:69 d:- ref:0 ;
in:158 out:160 type:b dur:2 cpbdur:2 q:25.62 aq:26.35 tex:582104 mv:13475 misc:477 imb:941 pmb:534 smb:145 d:- ref:0 ;
in:160 out:161 type:b dur:2 cpbdur:2 q:25.62 aq:26.27 tex:574692 mv:13512 misc:516 imb:939 pmb:533 smb:148 d:- ref:0 ;
in:165 out:162 type:P dur:2 cpbdur:2 q:25.68 aq:25.52 tex:754345 mv:7428 misc:243 imb:1056 pmb:546 smb:18 d:- ref:0 ;
in:163 out:163 type:B dur:2 cpbdur:2 q:25.68 aq:26.00 tex:627088 mv:14214 misc:370 imb:925 pmb:624 smb:71 d:- ref:0 ;
in:162 out:164 type:b dur:2 cpbdur:2 q:25.68 aq:26.13 tex:572745 mv:13043 misc:644 imb:908 pmb:530 smb:182 d:- ref:0 ;
in:164 out:165 type:b dur:2 cpbdur:2 q:25.68 aq:26.43 tex:577073 mv:15088 misc:463 imb:934 pmb:559 smb:127 d:- ref:0 ;
in:169 out:166 type:P dur:2 cpbdur:2 q:25.72 aq:25.37 tex:813433 mv:8909 misc:146 imb:1099 pmb:521 smb:0 d:- ref:0 ;
in:167 out:167 type:B dur:2 cpbdur:2 q:25.72 aq:26.15 tex:637634 mv:15459 misc:355 imb:957 pmb:616 smb:47 d:- ref:0 ;
in:166 out:168 type:b dur:2 cpbdur:2 q:25.72 aq:26.34 tex:564233 mv:14709 misc:482 imb:914 pmb:580 smb:126 d:- ref:0 ;
in:168 out:169 type:b dur:2 cpbdur:2 q:25.72 aq:26.33 tex:560090 mv:14035 misc:491 imb:923 pmb:573 smb:124 d:- ref:0 ;
in:173 out:170 type:P dur:2 cpbdur:2 q:25.81 aq:25.69 tex:742932 mv:8021 misc:159 imb:1043 pmb:577 smb:0 d:- ref:0 ;
in:171 out:171 type:B dur:2 cpbdur:2 q:25.81 aq:26.03 tex:622230 mv:14321 misc:433 imb:914 pmb:626 smb:80 d:- ref:0 ;
in:170 out:172 type:b dur:2 cpbdur:2 q:25.81 aq:26.57 tex:553092 mv:14572 misc:440 imb:905 pmb:599 smb:116 d:- ref:0 ;
in:172 out:173 type:b dur:2 cpbdur:2 q:25.81 aq:26.67 tex:547764 mv:13705 misc:499 imb:916 pmb:576 smb:128 d:- ref:0 ;
in:177 out:174 type:P dur:2 cpbdur:2 q:25.83 aq:25.56 tex:753776 mv:7842 misc:254 imb:1042 pmb:553 smb:25 d:- ref:0 ;
in:175 out:175 type:B dur:2 cpbdur:2 q:25.83 aq:26.16 tex:621177 mv:14294 misc:337 imb:929 pmb:635 smb:56 d:- ref:0 ;
in:174 out:176 type:b dur:2 cpbdur:2 q:25.83 aq:26.40 tex:545095 mv:13696 misc:513 imb:906 pmb:571 smb:143 d:- ref:0 ;
in:176 out:177 type:b dur:2 cpbdur:2 q:25.83 aq:26.52 tex:545501 mv:13864 misc:523 imb:905 pmb:584 smb:131 d:- ref:0 ;
in:181 out:178 type:P dur:2 cpbdur:2 q:25.86 aq:25.55 tex:785247 mv:8668 misc:165 imb:1057 pmb:563 smb:0 d:- ref:0 ;
in:179 out:179 type:B dur:2 cpbdur:2 q:25.86 aq:26.19 tex:615488 mv:14627 misc:333 imb:911 pmb:670 smb:39 d:- ref:0 ;
in:178 out:180 type:b dur:2 cpbdur:2 q:25.86 aq:26.60 tex:530234 mv:13132 misc:562 imb:903 pmb:578 smb:139 d:- ref:0 ;
in:180 out:181 type:b dur:2 cpbdur:2 q:25.86 aq:26.66 tex:537477 mv:14040 misc:475 imb:884 pmb:604 smb:132 d:- ref:0 ;
in:185 out:182 type:P dur:2 cpbdur:2 q:25.89 aq:25.61 tex:744545 mv:7457 misc:158 imb:1013 pmb:607 smb:0 d:- ref:0 ;
in:183 out:183 type:B dur:2 cpbdur:2 q:25.89 aq:26.32 tex:602269 mv:14033 misc:362 imb:912 pmb:640 smb:68 d:- ref:0 ;
in:182 out:184 type:b dur:2 cpbdur:2 q:25.89 aq:26.72 tex:530765 mv:13837 misc:550 imb:900 pmb:580 smb:140 d:- ref:0 ;
in:184 out:185 type:b dur:2 cpbdur:2 q:25.89 aq:26.53 tex:528426 mv:12604 misc:674 imb:900 pmb:533 smb:187 d:- ref:0 ;
in:189 out:186 type:P dur:2 cpbdur:2 q:25.92 aq:25.67 tex:737146 mv:7590 misc:168 imb:1025 pmb:593 smb:2 d:- ref:0 ;
in:187 out:187 type:B dur:2 cpbdur:2 q:25.92 aq:26.30 tex:595083 mv:14648 misc:373 imb:898 pmb:641 smb:81 d:- ref:0 ;
in:186 out:188 type:b dur:2 cpbdur:2 q:25.92 aq:26.71 tex:527968 mv:14212 misc:452 imb:911 pmb:574 smb:135 d:- ref:0 ;
in:188 out:189 type:b dur:2 cpbdur:2 q:25.92 aq:26.74 tex:533459 mv:14242 misc:475 imb:908 pmb:580 smb:132 d:- ref:0 ;
in:193 out:190 type:P dur:2 cpbdur:2 q:25.93 aq:25.72 tex:729233 mv:7402 misc:181 imb:1026 pmb:589 smb:5 d:- ref:0 ;
in:191 out:191 type:B dur:2 cpbdur:2 q:25.93 aq:26.43 tex:584012 mv:13727 misc:397 imb:926 pmb:625 smb:69 d:- ref:0 ;
in:190 out:192 type:b dur:2 cpbdur:2 q:25.93 aq:26.80 tex:531207 mv:14611 misc:422 imb:903 pmb:591 smb:126 d:- ref:0 ;
in:192 out:193 type:b dur:2 cpbdur:2 q:25.93 aq:26.84 tex:525621 mv:13526 misc:565 imb:900 pmb:572 smb:148 d:- ref:0 ;
in:197 out:194 type:P dur:2 cpbdur:2 q:25.92 aq:25.73 tex:753545 mv:8186 misc:149 imb:1060 pmb:560 smb:0 d:- ref:0 ;
in:195 out:195 type:B dur:2 cpbdur:2 q:25.93 aq:26.43 tex:593229 mv:14285 misc:406 imb:925 pmb:635 smb:60 d:- ref:0 ;
in:194 out:196 type:b dur:2 cpbdur:2 q:25.93 aq:26.81 tex:527085 mv:13756 misc:535 imb:910 pmb:588 smb:122 d:- ref:0 ;
in:196 out:197 type:b dur:2 cpbdur:2 q:25.93 aq:26.81 tex:522405 mv:13716 misc:535 imb:882 pmb:606 smb:132 d:- ref:0 ;
in:201 out:198 type:P dur:2 cpbdur:2 q:25.95 aq:25.87 tex:729077 mv:8346 misc:153 imb:1048 pmb:572 smb:0 d:- ref:0 ;
in:199 out:199 type:B dur:2 cpbdur:2 q:25.95 aq:26.31 tex:607246 mv:15718 misc:364 imb:898 pmb:644 smb:78 d:- ref:0 ;
in:198 out:200 type:b dur:2 cpbdur:2 q:25.95 aq:26.88 tex:526132 mv:14164 misc:504 imb:904 pmb:574 smb:142 d:- ref:0 ;
in:200 out:201 type:b dur:2 cpbdur:2 q:25.95 aq:26.87 tex:529996 mv:14371 misc:473 imb:924 pmb:565 smb:131 d:- ref:0 ;
in:205 out:202 type:P dur:2 cpbdur:2 q:25.96 aq:25.93 tex:721802 mv:8098 misc:172 imb:1094 pmb:525 smb:1 d:- ref:0 ;
in:203 out:203 type:B dur:2 cpbdur:2 q:25.96 aq:26.34 tex:609879 mv:15178 misc:407 imb:948 pmb:607 smb:65 d:- ref:0 ;
in:202 out:204 type:b dur:2 cpbdur:2 q:25.96 aq:26.71 tex:548299 mv:15490 misc:435 imb:917 pmb:564 smb:139 d:- ref:0 ;
in:204 out:205 type:b dur:2 cpbdur:2 q:25.96 aq:26.76 tex:528697 mv:13804 misc:523 imb:910 pmb:559 smb:151 d:- ref:0 ;
in:209 out:206 type:P dur:2 cpbdur:2 q:25.96 aq:25.92 tex:738362 mv:6734 misc:240 imb:1253 pmb:347 smb:20 d:- ref:0 ;
in:207 out:207 type:B dur:2 cpbdur:2 q:25.96 aq:26.30 tex:618554 mv:15351 misc:407 imb:975 pmb:565 smb:80 d:- ref:0 ;
in:206 out:208 type:b dur:2 cpbdur:2 q:25.96 aq:26.80 tex:540480 mv:13681 misc:535 imb:942 pmb:539 smb:139 d:- ref:0 ;
in:208 out:209 type:b dur:2 cpbdur:2 q:25.96 aq:26.78 tex:552777 mv:14409 misc:406 imb:985 pmb:514 smb:121 d:- ref:0 ;
in:213 out:210 type:P dur:2 cpbdur:2 q:25.98 aq:25.88 tex:758587 mv:8295 misc:150 imb:1207 pmb:413 smb:0 d:- ref:0 ;
in:211 out:211 type:B dur:2 cpbdur:2 q:25.97 aq:26.46 tex:606491 mv:13922 misc:363 imb:1023 pmb:551 smb:46 d:- ref:0 ;
in:210 out:212 type:b dur:2 cpbdur:2 q:25.97 aq:26.71 tex:565637 mv:13885 misc:454 imb:1011 pmb:501 smb:108 d:- ref:0 ;
in:212 out:213 type:b dur:2 cpbdur:2 q:25.97 aq:26.67 tex:572853 mv:14379 misc:432 imb:1029 pmb:483 smb:108 d:- ref:0 ;
in:217 out:214 type:P dur:2 cpbdur:2 q:26.00 aq:26.13 tex:699996 mv:7730 misc:178 imb:1145 pmb:475 smb:0 d:- ref:0 ;
in:215 out:215 type:B dur:2 cpbdur:2 q:26.00 aq:26.31 tex:613278 mv:13793 misc:369 imb:992 pmb:580 smb:48 d:- ref:0 ;
in:214 out:216 type:b dur:2 cpbdur:2 q:26.00 aq:26.70 tex:548969 mv:13403 misc:484 imb:997 pmb:492 smb:131 d:- ref:0 ;
in:216 out:217 type:b dur:2 cpbdur:2 q:26.00 aq:26.67 tex:573811 mv:14859 misc:386 imb:1036 pmb:474 smb:110 d:- ref:0 ;
in:221 out:218 type:P dur:2 cpbdur:2 q:26.01 aq:26.23 tex:700441 mv:7701 misc:170 imb:1194 pmb:421 smb:5 d:- ref:0 ;
in:219 out:219 type:B dur:2 cpbdur:2 q:26.01 aq:26.28 tex:630592 mv:15287 misc:361 imb:1011 pmb:540 smb:69 d:- ref:0 ;
in:218 out:220 type:b dur:2 cpbdur:2 q:26.01 aq:26.55 tex:556778 mv:13035 misc:443 imb:999 pmb:495 smb:126 d:- ref:0 ;
in:220 out:221 type:b dur:2 cpbdur:2 q:26.01 aq:26.66 tex:546801 mv:13517 misc:450 imb:974 pmb:529 smb:117 d:- ref:0 ;
in:223 out:222 type:P dur:2 cpbdur:2 q:26.03 aq:26.93 tex:588746 mv:7567 misc:335 imb:1092 pmb:468 smb:60 d:- ref:0 ;
in:222 out:223 type:b dur:2 cpbdur:2 q:26.03 aq:26.65 tex:549503 mv:13947 misc:430 imb:982 pmb:519 smb:119 d:- ref:0 ;
in:224 out:224 type:I dur:2 cpbdur:2 q:23.03 aq:22.61 tex:1095675 mv:25109 misc:104 imb:1620 pmb:0 smb:0 d:- ref:;
in:228 out:225 type:P dur:2 cpbdur:2 q:26.06 aq:25.93 tex:746720 mv:5750 misc:154 imb:1428 pmb:192 smb:0 d:- ref:0 ;
in:226 out:226 type:B dur:2 cpbdur:2 q:26.06 aq:26.07 tex:690728 mv:12794 misc:254 imb:1297 pmb:290 smb:33 d:- ref:0 ;
in:225 out:227 type:b dur:2 cpbdur:2 q:26.06 aq:26.24 tex:668381 mv:13411 misc:264 imb:1298 pmb:276 smb:46 d:- ref:0 ;
in:227 out:228 type:b dur:2 cpbdur:2 q:26.06 aq:26.28 tex:648632 mv:13195 misc:261 imb:1268 pmb:309 smb:43 d:- ref:0 ;
in:232 out:229 type:P dur:2 cpbdur:2 q:26.11 aq:25.78 tex:754538 mv:6206 misc:168 imb:1391 pmb:228 smb:1 d:- ref:0 ;
in:230 out:230 type:B dur:2 cpbdur:2 q:26.11 aq:25.92 tex:700330 mv:13426 misc:252 imb:1260 pmb:324 smb:36 d:- ref:0 ;
in:229 out:231 type:b dur:2 cpbdur:2 q:26.11 aq:26.24 tex:644035 mv:13517 misc:288 imb:1247 pmb:326 smb:47 d:- ref:0 ;
in:231 out:232 type:b dur:2 cpbdur:2 q:26.11 aq:26.36 tex:640525 mv:13229 misc:270 imb:1264 pmb:314 smb:42 d:- ref:0 ;
in:236 out:233 type:P dur:2 cpbdur:2 q:26.14 aq:25.65 tex:783542 mv:6412 misc:150 imb:1411 pmb:209 smb:0 d:- ref:0 ;
in:234 out:234 type:B dur:2 cpbdur:2 q:26.14 aq:26.09 tex:686588 mv:13235 misc:257 imb:1260 pmb:342 smb:18 d:- ref:0 ;
in:233 out:235 type:b dur:2 cpbdur:2 q:26.14 aq:26.51 tex:625522 mv:13237 misc:265 imb:1242 pmb:331 smb:47 d:- ref:0 ;
in:235 out:236 type:b dur:2 cpbdur:2 q:26.14 aq:26.38 tex:637856 mv:13273 misc:279 imb:1231 pmb:354 smb:35 d:- ref:0 ;
in:240 out:237 type:P dur:2 cpbdur:2 q:26.20 aq:25.44 tex:794675 mv:6053 misc:160 imb:1401 pmb:219 smb:0 d:- ref:0 ;
in:238 out:238 type:B dur:2 cpbdur:2 q:26.20 aq:26.15 tex:669960 mv:13590 misc:250 imb:1253 pmb:329 smb:38 d:- ref:0 ;
in:237 out:239 type:b dur:2 cpbdur:2 q:26.20 aq:26.59 tex:619744 mv:13109 misc:307 imb:1245 pmb:326 smb:49 d:- ref:0 ;
in:239 out:240 type:b dur:2 cpbdur:2 q:26.20 aq:26.56 tex:620291 mv:12874 misc:315 imb:1240 pmb:326 smb:54 d:- ref:0 ;
in:244 out:241 type:P dur:2 cpbdur:2 q:26.26 aq:25.82 tex:742872 mv:5980 misc:164 imb:1385 pmb:235 smb:0 d:- ref:0 ;
in:242 out:242 type:B dur:2 cpbdur:2 q:26.26 aq:26.10 tex:672841 mv:13016 misc:263 imb:1255 pmb:328 smb:37 d:- ref:0 ;
in:241 out:243 type:b dur:2 cpbdur:2 q:26.26 aq:26.43 tex:625048 mv:13293 misc:291 imb:1247 pmb:321 smb:52 d:- ref:0 ;
in:243 out:244 type:b dur:2 cpbdur:2 q:26.26 aq:26.58 tex:610536 mv:12934 misc:298 imb:1216 pmb:349 smb:55 d:- ref:0 ;
in:248 out:245 type:P dur:2 cpbdur:2 q:26.32 aq:26.00 tex:724188 mv:6033 misc:235 imb:1404 pmb:194 smb:22 d:- ref:0 ;
in:246 out:246 type:B dur:2 cpbdur:2 q:26.32 aq:26.49 tex:606925 mv:13691 misc:272 imb:1259 pmb:322 smb:39 d:- ref:0 ;
in:245 out:247 type:b dur:2 cpbdur:2 q:26.32 aq:26.48 tex:624722 mv:13211 misc:275 imb:1256 pmb:317 smb:47 d:- ref:0 ;
in:247 out:248 type:b dur:2 cpbdur:2 q:26.32 aq:26.57 tex:650127 mv:14117 misc:212 imb:1285 pmb:329 smb:6 d:- ref:0 ;
in:252 out:249 type:P dur:2 cpbdur:2 q:26.38 aq:26.18 tex:703601 mv:6558 misc:185 imb:1413 pmb:207 smb:0 d:- ref:0 ;
in:250 out:250 type:B dur:2 cpbdur:2 q:26.38 aq:26.23 tex:666304 mv:14200 misc:208 imb:1235 pmb:379 smb:6 d:- ref:0 ;
in:249 out:251 type:b dur:2 cpbdur:2 q:26.38 aq:26.64 tex:621969 mv:13337 misc:278 imb:1257 pmb:323 smb:40 d:- ref:0 ;
in:251 out:252 type:b dur:2 cpbdur:2 q:26.38 aq:26.64 tex:604841 mv:12969 misc:294 imb:1241 pmb:320 smb:59 d:- ref:0 ;
in:256 out:253 type:P dur:2 cpbdur:2 q:26.44 aq:26.11 tex:714636 mv:6375 misc:189 imb:1375 pmb:241 smb:4 d:- ref:0 ;
in:254 out:254 type:B dur:2 cpbdur:2 q:26.44 aq:26.53 tex:638233 mv:12897 misc:262 imb:1272 pmb:309 smb:39 d:- ref:0 ;
in:253 out:255 type:b dur:2 cpbdur:2 q:26.44 aq:26.58 tex:612931 mv:12921 misc:308 imb:1224 pmb:338 smb:58 d:- ref:0 ;
in:255 out:256 type:b dur:2 cpbdur:2 q:26.44 aq:26.60 tex:615048 mv:12722 misc:270 imb:1245 pmb:319 smb:56 d:- ref:0 ;
in:260 out:257 type:P dur:2 cpbdur:2 q:26.48 aq:26.05 tex:733883 mv:6555 misc:154 imb:1406 pmb:214 smb:0 d:- ref:0 ;
in:258 out:258 type:B dur:2 cpbdur:2 q:26.48 aq:26.45 tex:641077 mv:13455 misc:260 imb:1227 pmb:369 smb:24 d:- ref:0 ;
in:257 out:259 type:b dur:2 cpbdur:2 q:26.48 aq:26.67 tex:600749 mv:13295 misc:300 imb:1239 pmb:338 smb:43 d:- ref:0 ;
in:259 out:260 type:b dur:2 cpbdur:2 q:26.48 aq:26.73 tex:601967 mv:12679 misc:290 imb:1233 pmb:337 smb:50 d:- ref:0 ;
in:264 out:261 type:P dur:2 cpbdur:2 q:26.53 aq:26.14 tex:711824 mv:6230 misc:178 imb:1383 pmb:236 smb:1 d:- ref:0 ;
in:262 out:262 type:B dur:2 cpbdur:2 q:26.53 aq:26.40 tex:636828 mv:13316 misc:288 imb:1232 pmb:343 smb:45 d:- ref:0 ;
in:261 out:263 type:b dur:2 cpbdur:2 q:26.53 aq:26.49 tex:615961 mv:12968 misc:287 imb:1243 pmb:320 smb:57 d:- ref:0 ;
in:263 out:264 type:b dur:2 cpbdur:2 q:26.53 aq:26.41 tex:625851 mv:13080 misc:293 imb:1244 pmb:315 smb:61 d:- ref:0 ;
in:268 out:265 type:P dur:2 cpbdur:2 q:26.56 aq:26.29 tex:698161 mv:6197 misc:162 imb:1375 pmb:245 smb:0 d:- ref:0 ;
in:266 out:266 type:B dur:2 cpbdur:2 q:26.56 aq:26.47 tex:640490 mv:12658 misc:284 imb:1258 pmb:323 smb:39 d:- ref:0 ;
in:265 out:267 type:b dur:2 cpbdur:2 q:26.55 aq:26.90 tex:583576 mv:12526 misc:306 imb:1241 pmb:314 smb:65 d:- ref:0 ;
in:267 out:268 type:b dur:2 cpbdur:2 q:26.56 aq:26.93 tex:579435 mv:12716 misc:281 imb:1232 pmb:327 smb:61 d:- ref:0 ;
in:272 out:269 type:P dur:2 cpbdur:2 q:26.59 aq:26.35 tex:684861 mv:6239 misc:164 imb:1367 pmb:251 smb:2 d:- ref:0 ;
in:270 out:270 type:B dur:2 cpbdur:2 q:26.59 aq:26.40 tex:638729 mv:13125 misc:290 imb:1250 pmb:326 smb:44 d:- ref:0 ;
in:269 out:271 type:b dur:2 cpbdur:2 q:26.59 aq:26.64 tex:602912 mv:12676 misc:308 imb:1233 pmb:321 smb:66 d:- ref:0 ;
in:271 out:272 type:b dur:2 cpbdur:2 q:26.59 aq:26.64 tex:595770 mv:13036 misc:322 imb:1218 pmb:340 smb:62 d:- ref:0 ;
in:275 out:273 type:P dur:2 cpbdur:2 q:26.60 aq:26.97 tex:614565 mv:5806 misc:269 imb:1378 pmb:216 smb:26 d:- ref:0 ;
in:273 out:274 type:B dur:2 cpbdur:2 q:26.60 aq:26.53 tex:622970 mv:12530 misc:292 imb:1260 pmb:315 smb:45 d:- ref:0 ;
in:274 out:275 type:b dur:2 cpbdur:2 q:26.60 aq:26.91 tex:575405 mv:12737 misc:298 imb:1201 pmb:358 smb:61 d:- ref:0 ;
in:276 out:276 type:P dur:2 cpbdur:2 q:26.62 aq:26.55 tex:680432 mv:6221 misc:155 imb:1532 pmb:88 smb:0 d:- ref:0 ;
in:280 out:277 type:P dur:2 cpbdur:2 q:26.65 aq:26.31 tex:683581 mv:6519 misc:164 imb:1336 pmb:281 smb:3 d:- ref:0 ;
in:278 out:278 type:B dur:2 cpbdur:2 q:26.65 aq:26.40 tex:625702 mv:12893 misc:261 imb:1244 pmb:316 smb:60 d:- ref:0 ;
in:277 out:279 type:b dur:2 cpbdur:2 q:26.65 aq:27.17 tex:645440 mv:11471 misc:153 imb:1524 pmb:96 smb:0 d:- ref:0 ;
in:279 out:280 type:b dur:2 cpbdur:2 q:26.65 aq:26.83 tex:605249 mv:13934 misc:241 imb:1230 pmb:329 smb:61 d:- ref:0 ;
in:284 out:281 type:P dur:2 cpbdur:2 q:26.67 aq:26.18 tex:709043 mv:6938 misc:171 imb:1360 pmb:257 smb:3 d:- ref:0 ;
in:282 out:282 type:B dur:2 cpbdur:2 q:26.67 aq:26.67 tex:606816 mv:14314 misc:286 imb:1221 pmb:351 smb:48 d:- ref:0 ;
in:281 out:283 type:b dur:2 cpbdur:2 q:26.67 aq:26.65 tex:599969 mv:13512 misc:263 imb:1214 pmb:340 smb:66 d:- ref:0 ;
in:283 out:284 type:b dur:2 cpbdur:2 q:26.67 aq:26.66 tex:602769 mv:13433 misc:310 imb:1194 pmb:356 smb:70 d:- ref:0 ;
in:288 out:285 type:P dur:2 cpbdur:2 q:26.70 aq:26.28 tex:689232 mv:6475 misc:189 imb:1332 pmb:280 smb:8 d:- ref:0 ;
in:286 out:286 type:B dur:2 cpbdur:2 q:26.70 aq:26.68 tex:604824 mv:13006 misc:298 imb:1200 pmb:371 smb:49 d:- ref:0 ;
in:285 out:287 type:b dur:2 cpbdur:2 q:26.70 aq:26.63 tex:595625 mv:12803 misc:292 imb:1201 pmb:349 smb:70 d:- ref:0 ;
in:287 out:288 type:b dur:2 cpbdur:2 q:26.70 aq:26.72 tex:596139 mv:12574 misc:311 imb:1207 pmb:344 smb:69 d:- ref:0 ;
in:292 out:289 type:P dur:2 cpbdur:2 q:26.72 aq:26.40 tex:705620 mv:7397 misc:159 imb:1330 pmb:290 smb:0 d:- ref:0 ;
in:290 out:290 type:B dur:2 cpbdur:2 q:26.72 aq:26.71 tex:612899 mv:13670 misc:263 imb:1206 pmb:391 smb:23 d:- ref:0 ;
in:289 out:291 type:b dur:2 cpbdur:2 q:26.72 aq:27.09 tex:568573 mv:13321 misc:306 imb:1196 pmb:378 smb:46 d:- ref:0 ;
in:291 out:292 type:b dur:2 cpbdur:2 q:26.72 aq:27.03 tex:573356 mv:13609 misc:267 imb:1169 pmb:400 smb:51 d:- ref:0 ;
in:296 out:293 type:P dur:2 cpbdur:2 q:26.78 aq:26.28 tex:713101 mv:7216 misc:147 imb:1273 pmb:347 smb:0 d:- ref:0 ;
in:294 out:294 type:B dur:2 cpbdur:2 q:26.77 aq:26.70 tex:607531 mv:13959 misc:270 imb:1156 pmb:415 smb:49 d:- ref:0 ;
in:293 out:295 type:b dur:2 cpbdur:2 q:26.77 aq:27.18 tex:545845 mv:13616 misc:243 imb:1119 pmb:437 smb:64 d:- ref:0 ;
in:295 out:296 type:b dur:2 cpbdur:2 q:26.78 aq:27.01 tex:567596 mv:13349 misc:263 imb:1141 pmb:415 smb:64 d:- ref:0 ;
in:300 out:297 type:P dur:2 cpbdur:2 q:26.81 aq:26.42 tex:672966 mv:6997 misc:197 imb:1235 pmb:377 smb:8 d:- ref:0 ;
in:298 out:298 type:B dur:2 cpbdur:2 q:26.81 aq:26.72 tex:600325 mv:13774 misc:277 imb:1129 pmb:437 smb:54 d:- ref:0 ;
in:297 out:299 type:b dur:2 cpbdur:2 q:26.81 aq:27.08 tex:553527 mv:13091 misc:358 imb:1116 pmb:421 smb:83 d:- ref:0 ;
in:299 out:300 type:b dur:2 cpbdur:2 q:26.81 aq:27.03 tex:553144 mv:12720 misc:384 imb:1114 pmb:415 smb:91 d:- ref:0 ;
in:304 out:301 type:P dur:2 cpbdur:2 q:26.83 aq:26.44 tex:696575 mv:7023 misc:146 imb:1310 pmb:310 smb:0 d:- ref:0 ;
in:302 out:302 type:B dur:2 cpbdur:2 q:26.83 aq:27.12 tex:574462 mv:13269 misc:285 imb:1148 pmb:439 smb:33 d:- ref:0 ;
in:301 out:303 type:b dur:2 cpbdur:2 q:26.83 aq:27.19 tex:535056 mv:12527 misc:377 imb:1117 pmb:396 smb:107 d:- ref:0 ;
in:303 out:304 type:b dur:2 cpbdur:2 q:26.83 aq:27.20 tex:560492 mv:13001 misc:363 imb:1147 pmb:409 smb:64 d:- ref:0 ;
in:308 out:305 type:P dur:2 cpbdur:2 q:26.84 aq:26.67 tex:666360 mv:6815 misc:161 imb:1271 pmb:349 smb:0 d:- ref:0 ;
in:306 out:306 type:B dur:2 cpbdur:2 q:26.84 aq:26.93 tex:589890 mv:13191 misc:295 imb:1144 pmb:435 smb:41 d:- ref:0 ;
in:305 out:307 type:b dur:2 cpbdur:2 q:26.84 aq:27.19 tex:549304 mv:12749 misc:363 imb:1133 pmb:408 smb:79 d:- ref:0 ;
in:307 out:308 type:b dur:2 cpbdur:2 q:26.84 aq:27.19 tex:554492 mv:13684 misc:256 imb:1149 pmb:424 smb:47 d:- ref:0 ;
in:312 out:309 type:P dur:2 cpbdur:2 q:26.83 aq:26.51 tex:694143 mv:6799 misc:138 imb:1298 pmb:322 smb:0 d:- ref:0 ;
in:310 out:310 type:B dur:2 cpbdur:2 q:26.84 aq:27.10 tex:571664 mv:13329 misc:231 imb:1162 pmb:445 smb:13 d:- ref:0 ;
in:309 out:311 type:b dur:2 cpbdur:2 q:26.84 aq:27.11 tex:548819 mv:13131 misc:314 imb:1143 pmb:423 smb:54 d:- ref:0 ;
in:311 out:312 type:b dur:2 cpbdur:2 q:26.84 aq:27.17 tex:544411 mv:12744 misc:381 imb:1135 pmb:418 smb:67 d:- ref:0 ;
in:316 out:313 type:P dur:2 cpbdur:2 q:26.83 aq:26.76 tex:634595 mv:6819 misc:170 imb:1281 pmb:339 smb:0 d:- ref:0 ;
in:314 out:314 type:B dur:2 cpbdur:2 q:26.83 aq:26.76 tex:599905 mv:12472 misc:327 imb:1165 pmb:407 smb:48 d:- ref:0 ;
in:313 out:315 type:b dur:2 cpbdur:2 q:26.83 aq:27.17 tex:558720 mv:13346 misc:270 imb:1174 pmb:408 smb:38 d:- ref:0 ;
in:315 out:316 type:b dur:2 cpbdur:2 q:26.83 aq:27.29 tex:541236 mv:11948 misc:416 imb:1162 pmb:379 smb:79 d:- ref:0 ;
in:320 out:317 type:P dur:2 cpbdur:2 q:26.83 aq:26.63 tex:690991 mv:6982 misc:147 imb:1338 pmb:282 smb:0 d:- ref:0 ;
in:318 out:318 type:B dur:2 cpbdur:2 q:26.83 aq:26.76 tex:605681 mv:13760 misc:239 imb:1181 pmb:422 smb:17 d:- ref:0 ;
in:317 out:319 type:b dur:2 cpbdur:2 q:26.83 aq:27.24 tex:541363 mv:12779 misc:354 imb:1147 pmb:396 smb:77 d:- ref:0 ;
in:319 out:320 type:b dur:2 cpbdur:2 q:26.83 aq:27.14 tex:556254 mv:12627 misc:415 imb:1159 pmb:363 smb:98 d:- ref:0 ;
in:324 out:321 type:P dur:2 cpbdur:2 q:26.87 aq:26.64 tex:657109 mv:6891 misc:152 imb:1317 pmb:303 smb:0 d:- ref:0 ;
in:322 out:322 type:B dur:2 cpbdur:2 q:26.87 aq:26.92 tex:584140 mv:13258 misc:274 imb:1184 pmb:397 smb:39 d:- ref:0 ;
in:321 out:323 type:b dur:2 cpbdur:2 q:26.87 aq:27.25 tex:566637 mv:13621 misc:278 imb:1203 pmb:356 smb:61 d:- ref:0 ;
in:323 out:324 type:b dur:2 cpbdur:2 q:26.87 aq:27.27 tex:544505 mv:13102 misc:385 imb:1176 pmb:347 smb:97 d:- ref:0 ;
in:328 out:325 type:P dur:2 cpbdur:2 q:26.83 aq:26.69 tex:659229 mv:6908 misc:151 imb:1272 pmb:347 smb:1 d:- ref:0 ;
in:326 out:326 type:B dur:2 cpbdur:2 q:26.87 aq:26.94 tex:578646 mv:13243 misc:351 imb:1149 pmb:401 smb:70 d:- ref:0 ;
in:325 out:327 type:b dur:2 cpbdur:2 q:26.87 aq:27.04 tex:543685 mv:12698 misc:377 imb:1147 pmb:360 smb:113 d:- ref:0 ;
in:327 out:328 type:b dur:2 cpbdur:2 q:26.87 aq:27.08 tex:555458 mv:11985 misc:381 imb:1165 pmb:348 smb:107 d:- ref:0 ;
in:332 out:329 type:P dur:2 cpbdur:2 q:26.84 aq:26.76 tex:670316 mv:6930 misc:162 imb:1300 pmb:320 smb:0 d:- ref:0 ;
in:330 out:330 type:B dur:2 cpbdur:2 q:26.84 aq:26.99 tex:584640 mv:13006 misc:242 imb:1162 pmb:441 smb:17 d:- ref:0 ;
in:329 out:331 type:b dur:2 cpbdur:2 q:26.84 aq:27.00 tex:544624 mv:12142 misc:370 imb:1146 pmb:355 smb:119 d:- ref:0 ;
in:331 out:332 type:b dur:2 cpbdur:2 q:26.84 aq:27.21 tex:539832 mv:12404 misc:380 imb:1154 pmb:373 smb:93 d:- ref:0 ;
in:336 out:333 type:P dur:2 cpbdur:2 q:26.83 aq:26.46 tex:677398 mv:6967 misc:155 imb:1266 pmb:354 smb:0 d:- ref:0 ;
in:334 out:334 type:B dur:2 cpbdur:2 q:26.84 aq:26.82 tex:589317 mv:13503 misc:324 imb:1162 pmb:398 smb:60 d:- ref:0 ;
in:333 out:335 type:b dur:2 cpbdur:2 q:26.84 aq:27.49 tex:551276 mv:13832 misc:252 imb:1162 pmb:439 smb:19 d:- ref:0 ;
in:335 out:336 type:b dur:2 cpbdur:2 q:26.84 aq:27.19 tex:551145 mv:12854 misc:385 imb:1164 pmb:364 smb:92 d:- ref:0 ;
in:340 out:337 type:P dur:2 cpbdur:2 q:26.85 aq:26.61 tex:653904 mv:6628 misc:140 imb:1259 pmb:361 smb:0 d:- ref:0 ;
in:338 out:338 type:B dur:2 cpbdur:2 q:26.85 aq:26.84 tex:580561 mv:12467 misc:388 imb:1154 pmb:374 smb:92 d:- ref:0 ;
in:337 out:339 type:b dur:2 cpbdur:2 q:26.85 aq:27.37 tex:547094 mv:13508 misc:310 imb:1168 pmb:384 smb:68 d:- ref:0 ;
in:339 out:340 type:b dur:2 cpbdur:2 q:26.85 aq:27.14 tex:547617 mv:12983 misc:320 imb:1148 pmb:406 smb:66 d:- ref:0 ;
in:344 out:341 type:P dur:2 cpbdur:2 q:26.83 aq:26.80 tex:597856 mv:7123 misc:157 imb:1288 pmb:331 smb:1 d:- ref:0 ;
in:342 out:342 type:B dur:2 cpbdur:2 q:26.85 aq:26.94 tex:583827 mv:13747 misc:290 imb:1157 pmb:419 smb:44 d:- ref:0 ;
in:341 out:343 type:b dur:2 cpbdur:2 q:26.85 aq:27.25 tex:532405 mv:12667 misc:384 imb:1153 pmb:349 smb:118 d:- ref:0 ;
in:343 out:344 type:b dur:2 cpbdur:2 q:26.85 aq:27.30 tex:542347 mv:12872 misc:381 imb:1153 pmb:371 smb:96 d:- ref:0 ;
in:348 out:345 type:P dur:2 cpbdur:2 q:26.82 aq:26.80 tex:639288 mv:6577 misc:231 imb:1263 pmb:335 smb:22 d:- ref:0 ;
in:346 out:346 type:B dur:2 cpbdur:2 q:26.83 aq:27.00 tex:576905 mv:12513 misc:366 imb:1173 pmb:382 smb:65 d:- ref:0 ;
in:345 out:347 type:b dur:2 cpbdur:2 q:26.83 aq:27.28 tex:537783 mv:13333 misc:276 imb:1148 pmb:410 smb:62 d:- ref:0 ;
in:347 out:348 type:b dur:2 cpbdur:2 q:26.83 aq:26.91 tex:549323 mv:12248 misc:373 imb:1163 pmb:331 smb:126 d:- ref:0 ;
in:350 out:349 type:P dur:2 cpbdur:2 q:26.85 aq:27.05 tex:623004 mv:6821 misc:183 imb:1315 pmb:303 smb:2 d:- ref:0 ;
in:349 out:350 type:b dur:2 cpbdur:2 q:26.85 aq:27.33 tex:537609 mv:12892 misc:387 imb:1151 pmb:386 smb:83 d:- ref:0 ;
in:351 out:351 type:P dur:2 cpbdur:2 q:26.84 aq:26.57 tex:708591 mv:5958 misc:195 imb:1397 pmb:214 smb:9 d:- ref:0 ;
in:353 out:352 type:P dur:2 cpbdur:2 q:26.86 aq:26.58 tex:673261 mv:6930 misc:177 imb:1094 pmb:526 smb:0 d:- ref:0 w:0,1,5 ;
in:352 out:353 type:b dur:2 cpbdur:2 q:26.86 aq:27.50 tex:568752 mv:14115 misc:269 imb:1219 pmb:367 smb:34 d:- ref:0 ;
in:357 out:354 type:P dur:2 cpbdur:2 q:26.87 aq:26.55 tex:737866 mv:6350 misc:184 imb:1180 pmb:440 smb:0 d:- ref:0 w:3,9,9 ;
in:355 out:355 type:B dur:2 cpbdur:2 q:26.87 aq:27.40 tex:554916 mv:12311 misc:285 imb:986 pmb:599 smb:35 d:- ref:0 ;
in:354 out:356 type:b dur:2 cpbdur:2 q:26.87 aq:27.86 tex:509807 mv:12433 misc:296 imb:987 pmb:580 smb:53 d:- ref:0 ;
in:356 out:357 type:b dur:2 cpbdur:2 q:26.87 aq:27.84 tex:452517 mv:12655 misc:348 imb:874 pmb:685 smb:61 d:- ref:0 ;
in:361 out:358 type:P dur:2 cpbdur:2 q:26.88 aq:26.42 tex:730309 mv:6545 misc:242 imb:1053 pmb:567 smb:0 d:- ref:0 w:3,9,1,7,124,4,119,9 ;
in:359 out:359 type:B dur:2 cpbdur:2 q:26.88 aq:27.12 tex:531678 mv:11185 misc:313 imb:785 pmb:774 smb:61 d:- ref:0 ;
in:358 out:360 type:b dur:2 cpbdur:2 q:26.88 aq:27.90 tex:407549 mv:10878 misc:517 imb:740 pmb:756 smb:124 d:- ref:0 ;
in:360 out:361 type:b dur:2 cpbdur:2 q:26.88 aq:28.02 tex:406530 mv:10726 misc:464 imb:676 pmb:843 smb:101 d:- ref:0 ;
in:365 out:362 type:P dur:2 cpbdur:2 q:26.90 aq:26.60 tex:704264 mv:6403 misc:213 imb:979 pmb:625 smb:16 d:- ref:0 ;
in:363 out:363 type:B dur:2 cpbdur:2 q:26.90 aq:27.25 tex:497139 mv:9583 misc:358 imb:709 pmb:843 smb:68 d:- ref:0 ;
in:362 out:364 type:b dur:2 cpbdur:2 q:26.90 aq:27.84 tex:386746 mv:10451 misc:635 imb:674 pmb:791 smb:155 d:- ref:0 ;
in:364 out:365 type:b dur:2 cpbdur:2 q:26.90 aq:28.08 tex:375594 mv:10157 misc:665 imb:641 pmb:810 smb:169 d:- ref:0 ;
in:368 out:366 type:P dur:2 cpbdur:2 q:26.92 aq:26.71 tex:674651 mv:6236 misc:225 imb:806 pmb:804 smb:10 d:- ref:0 w:6,67,-2 ;
in:366 out:367 type:B dur:2 cpbdur:2 q:26.92 aq:28.03 tex:400937 mv:9673 misc:558 imb:656 pmb:840 smb:124 d:- ref:0 ;
in:367 out:368 type:b dur:2 cpbdur:2 q:26.92 aq:28.14 tex:464868 mv:12585 misc:243 imb:804 pmb:804 smb:12 d:- ref:0 ;
in:372 out:369 type:P dur:2 cpbdur:2 q:26.89 aq:26.45 tex:768102 mv:6332 misc:206 imb:939 pmb:681 smb:0 d:- ref:0 w:5,35,1,4,16,0,15,8 ;
in:370 out:370 type:B dur:2 cpbdur:2 q:26.92 aq:27.41 tex:540527 mv:10752 misc:185 imb:791 pmb:829 smb:0 d:- ref:0 ;
in:369 out:371 type:b dur:2 cpbdur:2 q:26.92 aq:28.14 tex:444626 mv:11379 misc:323 imb:781 pmb:798 smb:41 d:- ref:0 ;
in:371 out:372 type:b dur:2 cpbdur:2 q:26.92 aq:28.14 tex:396852 mv:9894 misc:630 imb:712 pmb:768 smb:140 d:- ref:0 ;
in:376 out:373 type:P dur:2 cpbdur:2 q:27.30 aq:26.71 tex:711184 mv:6474 misc:150 imb:887 pmb:733 smb:0 d:- ref:0 ;
in:374 out:374 type:B dur:2 cpbdur:2 q:27.31 aq:28.14 tex:401693 mv:8817 misc:466 imb:659 pmb:899 smb:62 d:- ref:0 ;
in:373 out:375 type:b dur:2 cpbdur:2 q:27.31 aq:28.62 tex:391250 mv:11779 misc:379 imb:752 pmb:820 smb:48 d:- ref:0 ;
in:375 out:376 type:b dur:2 cpbdur:2 q:27.31 aq:28.69 tex:327790 mv:8940 misc:806 imb:621 pmb:776 smb:223 d:- ref:0 ;
in:380 out:377 type:P dur:2 cpbdur:2 q:26.78 aq:26.55 tex:702700 mv:5843 misc:185 imb:765 pmb:855 smb:0 d:- ref:0 w:4,17,-2 ;
in:378 out:378 type:B dur:2 cpbdur:2 q:27.30 aq:27.95 tex:435774 mv:9328 misc:354 imb:665 pmb:895 smb:60 d:- ref:0 ;
in:377 out:379 type:b dur:2 cpbdur:2 q:27.30 aq:28.68 tex:317112 mv:8707 misc:845 imb:628 pmb:733 smb:259 d:- ref:0 ;
in:379 out:380 type:b dur:2 cpbdur:2 q:27.30 aq:28.72 tex:307909 mv:8615 misc:908 imb:640 pmb:685 smb:295 d:- ref:0 ;
in:384 out:381 type:P dur:2 cpbdur:2 q:26.74 aq:26.39 tex:744400 mv:5806 misc:178 imb:784 pmb:836 smb:0 d:- ref:0 w:6,69,-5 ;
in:382 out:382 type:B dur:2 cpbdur:2 q:26.78 aq:27.55 tex:491777 mv:9810 misc:293 imb:691 pmb:883 smb:46 d:- ref:0 ;
in:381 out:383 type:b dur:2 cpbdur:2 q:26.78 aq:28.41 tex:397792 mv:10744 misc:536 imb:681 pmb:803 smb:136 d:- ref:0 ;
in:383 out:384 type:b dur:2 cpbdur:2 q:26.78 aq:28.32 tex:371101 mv:8067 misc:864 imb:669 pmb:690 smb:261 d:- ref:0 ;
in:388 out:385 type:P dur:2 cpbdur:2 q:26.70 aq:26.32 tex:731477 mv:6241 misc:170 imb:791 pmb:829 smb:0 d:- ref:0 ;
in:386 out:386 type:B dur:2 cpbdur:2 q:26.74 aq:27.51 tex:452456 mv:8989 misc:403 imb:651 pmb:924 smb:45 d:- ref:0 ;
in:385 out:387 type:b dur:2 cpbdur:2 q:26.74 aq:28.06 tex:360938 mv:8110 misc:872 imb:645 pmb:674 smb:301 d:- ref:0 ;
in:387 out:388 type:b dur:2 cpbdur:2 q:26.74 aq:28.32 tex:372504 mv:8463 misc:841 imb:644 pmb:752 smb:224 d:- ref:0 ;
in:392 out:389 type:P dur:2 cpbdur:2 q:26.60 aq:26.22 tex:710975 mv:6057 misc:168 imb:742 pmb:877 smb:1 d:- ref:0 ;
in:390 out:390 type:B dur:2 cpbdur:2 q:26.70 aq:27.45 tex:474779 mv:9682 misc:355 imb:650 pmb:913 smb:57 d:- ref:0 ;
in:389 out:391 type:b dur:2 cpbdur:2 q:26.70 aq:28.06 tex:372627 mv:8262 misc:871 imb:648 pmb:697 smb:275 d:- ref:0 ;
in:391 out:392 type:b dur:2 cpbdur:2 q:26.70 aq:28.05 tex:370284 mv:8851 misc:857 imb:638 pmb:729 smb:253 d:- ref:0 ;
in:396 out:393 type:P dur:2 cpbdur:2 q:27.00 aq:26.49 tex:673413 mv:5884 misc:175 imb:727 pmb:889 smb:4 d:- ref:0 ;
in:394 out:394 type:B dur:2 cpbdur:2 q:27.00 aq:27.78 tex:428062 mv:9209 misc:465 imb:658 pmb:877 smb:85 d:- ref:0 ;
in:393 out:395 type:b dur:2 cpbdur:2 q:27.00 aq:28.50 tex:346738 mv:10526 misc:696 imb:647 pmb:803 smb:170 d:- ref:0 ;
in:395 out:396 type:b dur:2 cpbdur:2 q:27.00 aq:28.41 tex:350897 mv:8501 misc:842 imb:652 pmb:691 smb:277 d:- ref:0 ;
in:400 out:397 type:P dur:2 cpbdur:2 q:27.38 aq:26.99 tex:592654 mv:5814 misc:260 imb:719 pmb:871 smb:30 d:- ref:0 ;
in:398 out:398 type:B dur:2 cpbdur:2 q:27.41 aq:28.32 tex:331231 mv:8580 misc:709 imb:644 pmb:819 smb:157 d:- ref:0 ;
in:397 out:399 type:b dur:2 cpbdur:2 q:27.41 aq:28.88 tex:310392 mv:10416 misc:672 imb:645 pmb:802 smb:173 d:- ref:0 ;
in:399 out:400 type:b dur:2 cpbdur:2 q:27.41 aq:29.02 tex:315118 mv:11331 misc:711 imb:691 pmb:780 smb:149 d:- ref:0 ;
in:404 out:401 type:P dur:2 cpbdur:2 q:26.44 aq:25.92 tex:769434 mv:6677 misc:153 imb:758 pmb:862 smb:0 d:- ref:0 ;
in:402 out:402 type:B dur:2 cpbdur:2 q:27.40 aq:28.09 tex:432857 mv:10497 misc:230 imb:686 pmb:924 smb:10 d:- ref:0 ;
in:401 out:403 type:b dur:2 cpbdur:2 q:27.40 aq:28.80 tex:301150 mv:9037 misc:957 imb:662 pmb:657 smb:301 d:- ref:0 ;
in:403 out:404 type:b dur:2 cpbdur:2 q:27.40 aq:28.98 tex:291127 mv:9344 misc:849 imb:668 pmb:700 smb:252 d:- ref:0 ;
in:408 out:405 type:P dur:2 cpbdur:2 q:26.37 aq:25.85 tex:739889 mv:5918 misc:153 imb:710 pmb:910 smb:0 d:- ref:0 ;
in:406 out:406 type:B dur:2 cpbdur:2 q:26.44 aq:27.09 tex:482669 mv:9013 misc:462 imb:639 pmb:883 smb:98 d:- ref:0 ;
in:405 out:407 type:b dur:2 cpbdur:2 q:26.44 aq:28.12 tex:420946 mv:11659 misc:507 imb:708 pmb:839 smb:73 d:- ref:0 ;
in:407 out:408 type:b dur:2 cpbdur:2 q:26.44 aq:28.03 tex:376140 mv:8438 misc:854 imb:639 pmb:719 smb:262 d:- ref:0 ;
in:412 out:409 type:P dur:2 cpbdur:2 q:26.75 aq:26.47 tex:678113 mv:6037 misc:162 imb:711 pmb:909 smb:0 d:- ref:0 ;
in:410 out:410 type:B dur:2 cpbdur:2 q:26.75 aq:27.64 tex:435362 mv:9177 misc:461 imb:635 pmb:902 smb:83 d:- ref:0 ;
in:409 out:411 type:b dur:2 cpbdur:2 q:26.75 aq:28.10 tex:354640 mv:8047 misc:881 imb:637 pmb:652 smb:331 d:- ref:0 ;
in:411 out:412 type:b dur:2 cpbdur:2 q:26.75 aq:28.33 tex:367384 mv:9837 misc:723 imb:630 pmb:800 smb:190 d:- ref:0 ;
in:416 out:413 type:P dur:2 cpbdur:2 q:26.22 aq:25.89 tex:720691 mv:6297 misc:172 imb:709 pmb:909 smb:2 d:- ref:0 ;
in:414 out:414 type:B dur:2 cpbdur:2 q:26.75 aq:27.51 tex:448887 mv:10904 misc:369 imb:623 pmb:942 smb:55 d:- ref:0 ;
in:413 out:415 type:b dur:2 cpbdur:2 q:26.75 aq:28.28 tex:354429 mv:8322 misc:841 imb:630 pmb:717 smb:273 d:- ref:0 ;
in:415 out:416 type:b dur:2 cpbdur:2 q:26.75 aq:28.42 tex:367599 mv:9579 misc:662 imb:629 pmb:818 smb:173 d:- ref:0 ;
in:420 out:417 type:P dur:2 cpbdur:2 q:26.22 aq:27.94 tex:471465 mv:5933 misc:386 imb:706 pmb:856 smb:58 d:- ref:0 ;
in:418 out:418 type:B dur:2 cpbdur:2 q:26.22 aq:27.14 tex:502287 mv:9306 misc:343 imb:637 pmb:936 smb:47 d:- ref:0 ;
in:417 out:419 type:b dur:2 cpbdur:2 q:26.22 aq:27.83 tex:415260 mv:8902 misc:758 imb:627 pmb:808 smb:185 d:- ref:0 ;
in:419 out:420 type:b dur:2 cpbdur:2 q:26.22 aq:27.86 tex:410298 mv:8702 misc:696 imb:634 pmb:781 smb:205 d:- ref:0 ;
in:421 out:421 type:P dur:2 cpbdur:2 q:26.08 aq:25.96 tex:823929 mv:4620 misc:171 imb:1600 pmb:20 smb:0 d:- ref:0 ;
in:422 out:422 type:P dur:2 cpbdur:2 q:26.09 aq:25.98 tex:741726 mv:6964 misc:150 imb:1155 pmb:465 smb:0 d:- ref:0 ;
in:423 out:423 type:P dur:2 cpbdur:2 q:26.09 aq:25.92 tex:735838 mv:7184 misc:146 imb:1125 pmb:495 smb:0 d:- ref:0 ;
in:424 out:424 type:P dur:2 cpbdur:2 q:26.08 aq:25.95 tex:728894 mv:7564 misc:134 imb:1111 pmb:509 smb:0 d:- ref:0 ;
in:425 out:425 type:P dur:2 cpbdur:2 q:26.12 aq:26.13 tex:700382 mv:7518 misc:148 imb:1125 pmb:495 smb:0 d:- ref:0 ;
in:426 out:426 type:P dur:2 cpbdur:2 q:26.10 aq:25.99 tex:719280 mv:7780 misc:164 imb:1111 pmb:506 smb:3 d:- ref:0 ;
in:427 out:427 type:P dur:2 cpbdur:2 q:26.11 aq:25.98 tex:743196 mv:8287 misc:149 imb:1152 pmb:468 smb:0 d:- ref:0 ;
in:431 out:428 type:P dur:2 cpbdur:2 q:26.09 aq:25.95 tex:734226 mv:7922 misc:156 imb:1163 pmb:456 smb:1 d:- ref:0 ;
in:429 out:429 type:B dur:2 cpbdur:2 q:26.11 aq:25.51 tex:680766 mv:16612 misc:286 imb:842 pmb:744 smb:34 d:- ref:0 ;
in:428 out:430 type:b dur:2 cpbdur:2 q:26.11 aq:26.76 tex:582461 mv:17166 misc:245 imb:906 pmb:699 smb:15 d:- ref:0 ;
in:430 out:431 type:b dur:2 cpbdur:2 q:26.11 aq:26.83 tex:564740 mv:15465 misc:323 imb:903 pmb:667 smb:50 d:- ref:0 ;
in:433 out:432 type:P dur:2 cpbdur:2 q:26.07 aq:26.15 tex:705401 mv:7513 misc:166 imb:1146 pmb:473 smb:1 d:- ref:0 ;
in:432 out:433 type:b dur:2 cpbdur:2 q:26.09 aq:26.70 tex:583662 mv:16679 misc:315 imb:878 pmb:706 smb:36 d:- ref:0 ;
in:434 out:434 type:P dur:2 cpbdur:2 q:26.09 aq:26.07 tex:718105 mv:8160 misc:143 imb:1156 pmb:464 smb:0 d:- ref:0 ;
in:435 out:435 type:P dur:2 cpbdur:2 q:26.10 aq:26.10 tex:710331 mv:7925 misc:152 imb:1131 pmb:489 smb:0 d:- ref:0 ;
in:436 out:436 type:P dur:2 cpbdur:2 q:26.12 aq:26.15 tex:702624 mv:8169 misc:159 imb:1132 pmb:488 smb:0 d:- ref:0 ;
in:437 out:437 type:P dur:2 cpbdur:2 q:26.13 aq:26.24 tex:689259 mv:8259 misc:162 imb:1120 pmb:498 smb:2 d:- ref:0 ;
in:438 out:438 type:P dur:2 cpbdur:2 q:26.14 aq:26.36 tex:681456 mv:8522 misc:166 imb:1133 pmb:484 smb:3 d:- ref:0 ;
in:439 out:439 type:P dur:2 cpbdur:2 q:26.16 aq:26.29 tex:693708 mv:8353 misc:187 imb:1136 pmb:475 smb:9 d:- ref:0 ;
in:440 out:440 type:P dur:2 cpbdur:2 q:26.17 aq:26.27 tex:713019 mv:8828 misc:161 imb:1159 pmb:461 smb:0 d:- ref:0 ;
in:441 out:441 type:P dur:2 cpbdur:2 q:26.19 aq:26.26 tex:733833 mv:7807 misc:144 imb:1319 pmb:301 smb:0 d:- ref:0 ;
in:442 out:442 type:P dur:2 cpbdur:2 q:26.19 aq:26.28 tex:694049 mv:8541 misc:162 imb:1161 pmb:459 smb:0 d:- ref:0 ;
in:443 out:443 type:P dur:2 cpbdur:2 q:26.20 aq:26.22 tex:727449 mv:7888 misc:143 imb:1310 pmb:310 smb:0 d:- ref:0 ;
in:444 out:444 type:P dur:2 cpbdur:2 q:26.21 aq:26.26 tex:698415 mv:8890 misc:151 imb:1132 pmb:488 smb:0 d:- ref:0 ;
in:445 out:445 type:P dur:2 cpbdur:2 q:26.22 aq:26.30 tex:695122 mv:8715 misc:139 imb:1129 pmb:491 smb:0 d:- ref:0 ;
in:446 out:446 type:P dur:2 cpbdur:2 q:26.23 aq:26.38 tex:695425 mv:8895 misc:152 imb:1111 pmb:509 smb:0 d:- ref:0 ;
in:447 out:447 type:P dur:2 cpbdur:2 q:26.24 aq:26.40 tex:694339 mv:9120 misc:165 imb:1114 pmb:506 smb:0 d:- ref:0 ;
in:448 out:448 type:P dur:2 cpbdur:2 q:26.26 aq:26.27 tex:705565 mv:9032 misc:147 imb:1096 pmb:524 smb:0 d:- ref:0 ;
in:449 out:449 type:P dur:2 cpbdur:2 q:26.27 aq:26.41 tex:682000 mv:8938 misc:150 imb:1088 pmb:531 smb:1 d:- ref:0 ;
in:450 out:450 type:I dur:2 cpbdur:2 q:23.32 aq:23.46 tex:1046248 mv:47427 misc:101 imb:1620 pmb:0 smb:0 d:- ref:;
in:454 out:451 type:P dur:2 cpbdur:2 q:26.31 aq:26.53 tex:778501 mv:7881 misc:162 imb:1373 pmb:247 smb:0 d:- ref:0 ;
in:452 out:452 type:B dur:2 cpbdur:2 q:26.31 aq:26.93 tex:611826 mv:16562 misc:196 imb:921 pmb:692 smb:7 d:- ref:0 ;
in:451 out:453 type:b dur:2 cpbdur:2 q:26.31 aq:27.24 tex:527343 mv:17698 misc:327 imb:846 pmb:725 smb:49 d:- ref:0 ;
in:453 out:454 type:b dur:2 cpbdur:2 q:26.31 aq:27.35 tex:535117 mv:19111 misc:252 imb:828 pmb:776 smb:16 d:- ref:0 ;
in:458 out:455 type:P dur:2 cpbdur:2 q:26.37 aq:26.62 tex:766113 mv:8846 misc:161 imb:1282 pmb:336 smb:2 d:- ref:0 ;
in:456 out:456 type:B dur:2 cpbdur:2 q:26.36 aq:26.96 tex:595576 mv:16863 misc:289 imb:838 pmb:748 smb:34 d:- ref:0 ;
in:455 out:457 type:b dur:2 cpbdur:2 q:26.36 aq:27.45 tex:504809 mv:19382 misc:273 imb:775 pmb:801 smb:44 d:- ref:0 ;
in:457 out:458 type:b dur:2 cpbdur:2 q:26.36 aq:27.41 tex:509622 mv:18778 misc:256 imb:770 pmb:807 smb:43 d:- ref:0 ;
in:462 out:459 type:P dur:2 cpbdur:2 q:26.40 aq:26.71 tex:753088 mv:9082 misc:198 imb:1236 pmb:378 smb:6 d:- ref:0 ;
in:460 out:460 type:B dur:2 cpbdur:2 q:26.40 aq:27.17 tex:546879 mv:19664 misc:273 imb:739 pmb:854 smb:27 d:- ref:0 ;
in:459 out:461 type:b dur:2 cpbdur:2 q:26.40 aq:27.63 tex:509036 mv:17614 misc:310 imb:782 pmb:796 smb:42 d:- ref:0 ;
in:461 out:462 type:b dur:2 cpbdur:2 q:26.40 aq:27.71 tex:496527 mv:17938 misc:279 imb:754 pmb:832 smb:34 d:- ref:0 ;
in:466 out:463 type:P dur:2 cpbdur:2 q:26.43 aq:26.53 tex:784425 mv:9646 misc:161 imb:1218 pmb:402 smb:0 d:- ref:0 ;
in:464 out:464 type:B dur:2 cpbdur:2 q:26.43 aq:27.07 tex:578702 mv:17801 misc:233 imb:768 pmb:844 smb:8 d:- ref:0 ;
in:463 out:465 type:b dur:2 cpbdur:2 q:26.43 aq:27.76 tex:470482 mv:19407 misc:279 imb:687 pmb:906 smb:27 d:- ref:0 ;
in:465 out:466 type:b dur:2 cpbdur:2 q:26.43 aq:27.72 tex:482183 mv:18961 misc:248 imb:709 pmb:898 smb:13 d:- ref:0 ;
in:470 out:467 type:P dur:2 cpbdur:2 q:26.44 aq:26.46 tex:801947 mv:9735 misc:150 imb:1214 pmb:406 smb:0 d:- ref:0 ;
in:468 out:468 type:B dur:2 cpbdur:2 q:26.44 aq:27.20 tex:556851 mv:18564 misc:273 imb:727 pmb:873 smb:20 d:- ref:0 ;
in:467 out:469 type:b dur:2 cpbdur:2 q:26.44 aq:27.63 tex:476464 mv:18130 misc:302 imb:657 pmb:937 smb:26 d:- ref:0 ;
in:469 out:470 type:b dur:2 cpbdur:2 q:26.44 aq:27.79 tex:443378 mv:17412 misc:370 imb:608 pmb:967 smb:45 d:- ref:0 ;
in:474 out:471 type:P dur:2 cpbdur:2 q:26.44 aq:26.36 tex:792976 mv:9373 misc:147 imb:1189 pmb:431 smb:0 d:- ref:0 ;
in:472 out:472 type:B dur:2 cpbdur:2 q:26.44 aq:27.16 tex:528590 mv:18887 misc:283 imb:669 pmb:916 smb:35 d:- ref:0 ;
in:471 out:473 type:b dur:2 cpbdur:2 q:26.44 aq:27.77 tex:467611 mv:18201 misc:348 imb:635 pmb:931 smb:54 d:- ref:0 ;
in:473 out:474 type:b dur:2 cpbdur:2 q:26.44 aq:27.82 tex:451962 mv:17852 misc:338 imb:644 pmb:926 smb:50 d:- ref:0 ;
in:478 out:475 type:P dur:2 cpbdur:2 q:26.42 aq:26.41 tex:735754 mv:9969 misc:165 imb:1046 pmb:574 smb:0 d:- ref:0 ;
in:476 out:476 type:B dur:2 cpbdur:2 q:26.44 aq:27.16 tex:521271 mv:18538 misc:279 imb:650 pmb:943 smb:27 d:- ref:0 ;
in:475 out:477 type:b dur:2 cpbdur:2 q:26.44 aq:27.72 tex:460349 mv:18475 misc:368 imb:652 pmb:905 smb:63 d:- ref:0 ;
in:477 out:478 type:b dur:2 cpbdur:2 q:26.44 aq:27.72 tex:445791 mv:16793 misc:392 imb:612 pmb:950 smb:58 d:- ref:0 ;
in:482 out:479 type:P dur:2 cpbdur:2 q:26.39 aq:26.45 tex:743666 mv:10299 misc:211 imb:1073 pmb:536 smb:11 d:- ref:0 ;
in:480 out:480 type:B dur:2 cpbdur:2 q:26.42 aq:26.99 tex:547597 mv:18775 misc:252 imb:660 pmb:942 smb:18 d:- ref:0 ;
in:479 out:481 type:b dur:2 cpbdur:2 q:26.42 aq:27.65 tex:439912 mv:16893 misc:411 imb:576 pmb:980 smb:64 d:- ref:0 ;
in:481 out:482 type:b dur:2 cpbdur:2 q:26.42 aq:27.68 tex:451302 mv:16835 misc:343 imb:608 pmb:965 smb:47 d:- ref:0 ;
in:486 out:483 type:P dur:2 cpbdur:2 q:26.36 aq:26.30 tex:769090 mv:10274 misc:164 imb:1079 pmb:541 smb:0 d:- ref:0 ;
in:484 out:484 type:B dur:2 cpbdur:2 q:26.39 aq:27.01 tex:540267 mv:18111 misc:254 imb:666 pmb:942 smb:12 d:- ref:0 ;
in:483 out:485 type:b dur:2 cpbdur:2 q:26.39 aq:27.63 tex:453744 mv:16473 misc:407 imb:613 pmb:957 smb:50 d:- ref:0 ;
in:485 out:486 type:b dur:2 cpbdur:2 q:26.39 aq:27.55 tex:460091 mv:16351 misc:438 imb:629 pmb:927 smb:64 d:- ref:0 ;
in:490 out:487 type:P dur:2 cpbdur:2 q:26.34 aq:26.42 tex:697132 mv:9834 misc:170 imb:948 pmb:672 smb:0 d:- ref:0 ;
in:488 out:488 type:B dur:2 cpbdur:2 q:26.36 aq:27.01 tex:529365 mv:17608 misc:299 imb:655 pmb:931 smb:34 d:- ref:0 ;
in:487 out:489 type:b dur:2 cpbdur:2 q:26.36 aq:27.55 tex:478024 mv:17296 misc:312 imb:683 pmb:889 smb:48 d:- ref:0 ;
in:489 out:490 type:b dur:2 cpbdur:2 q:26.36 aq:27.64 tex:472184 mv:18786 misc:326 imb:675 pmb:901 smb:44 d:- ref:0 ;
in:494 out:491 type:P dur:2 cpbdur:2 q:26.32 aq:26.33 tex:736811 mv:9591 misc:222 imb:1051 pmb:553 smb:16 d:- ref:0 ;
in:492 out:492 type:B dur:2 cpbdur:2 q:26.34 aq:27.02 tex:542405 mv:17607 misc:292 imb:741 pmb:842 smb:37 d:- ref:0 ;
in:491 out:493 type:b dur:2 cpbdur:2 q:26.34 aq:27.50 tex:472514 mv:17741 misc:345 imb:682 pmb:881 smb:57 d:- ref:0 ;
in:493 out:494 type:b dur:2 cpbdur:2 q:26.34 aq:27.56 tex:471717 mv:17454 misc:317 imb:670 pmb:889 smb:61 d:- ref:0 ;
in:498 out:495 type:P dur:2 cpbdur:2 q:26.30 aq:26.18 tex:755427 mv:9875 misc:154 imb:1010 pmb:610 smb:0 d:- ref:0 ;
in:496 out:496 type:B dur:2 cpbdur:2 q:26.32 aq:26.97 tex:535811 mv:17429 misc:240 imb:697 pmb:915 smb:8 d:- ref:0 ;
in:495 out:497 type:b dur:2 cpbdur:2 q:26.32 aq:27.55 tex:460041 mv:16011 misc:420 imb:658 pmb:896 smb:66 d:- ref:0 ;
in:497 out:498 type:b dur:2 cpbdur:2 q:26.32 aq:27.51 tex:453552 mv:16443 misc:493 imb:645 pmb:889 smb:86 d:- ref:0 ;
in:502 out:499 type:P dur:2 cpbdur:2 q:26.28 aq:26.22 tex:712211 mv:9416 misc:173 imb:937 pmb:683 smb:0 d:- ref:0 ;
in:500 out:500 type:B dur:2 cpbdur:2 q:26.30 aq:27.13 tex:509957 mv:16398 misc:309 imb:704 pmb:874 smb:42 d:- ref:0 ;
in:499 out:501 type:b dur:2 cpbdur:2 q:26.30 aq:27.51 tex:463457 mv:15817 misc:454 imb:685 pmb:863 smb:72 d:- ref:0 ;
in:501 out:502 type:b dur:2 cpbdur:2 q:26.30 aq:27.49 tex:469984 mv:17092 misc:324 imb:681 pmb:882 smb:57 d:- ref:0 ;
in:506 out:503 type:P dur:2 cpbdur:2 q:26.26 aq:26.23 tex:717646 mv:9320 misc:186 imb:1016 pmb:597 smb:7 d:- ref:0 ;
in:504 out:504 type:B dur:2 cpbdur:2 q:26.28 aq:26.91 tex:547019 mv:17712 misc:301 imb:706 pmb:885 smb:29 d:- ref:0 ;
in:503 out:505 type:b dur:2 cpbdur:2 q:26.28 aq:27.42 tex:461112 mv:15962 misc:478 imb:675 pmb:864 smb:81 d:- ref:0 ;
in:505 out:506 type:b dur:2 cpbdur:2 q:26.28 aq:27.51 tex:454592 mv:16331 misc:453 imb:664 pmb:872 smb:84 d:- ref:0 ;
in:510 out:507 type:P dur:2 cpbdur:2 q:26.25 aq:26.06 tex:739700 mv:9384 misc:148 imb:1006 pmb:614 smb:0 d:- ref:0 ;
in:508 out:508 type:B dur:2 cpbdur:2 q:26.26 aq:26.84 tex:549831 mv:16772 misc:245 imb:720 pmb:884 smb:16 d:- ref:0 ;
in:507 out:509 type:b dur:2 cpbdur:2 q:26.26 aq:27.42 tex:474901 mv:15426 misc:449 imb:702 pmb:854 smb:64 d:- ref:0 ;
in:509 out:510 type:b dur:2 cpbdur:2 q:26.26 aq:27.30 tex:486423 mv:16303 misc:426 imb:711 pmb:853 smb:56 d:- ref:0 ;
in:514 out:511 type:P dur:2 cpbdur:2 q:26.23 aq:26.03 tex:723997 mv:9012 misc:175 imb:981 pmb:637 smb:2 d:- ref:0 ;
in:512 out:512 type:B dur:2 cpbdur:2 q:26.25 aq:26.87 tex:535636 mv:16994 misc:250 imb:741 pmb:861 smb:18 d:- ref:0 ;
in:511 out:513 type:b dur:2 cpbdur:2 q:26.25 aq:27.30 tex:473880 mv:16287 misc:497 imb:711 pmb:835 smb:74 d:- ref:0 ;
in:513 out:514 type:b dur:2 cpbdur:2 q:26.25 aq:27.33 tex:474298 mv:16441 misc:349 imb:695 pmb:880 smb:45 d:- ref:0 ;
in:518 out:515 type:P dur:2 cpbdur:2 q:26.20 aq:26.01 tex:736143 mv:8782 misc:147 imb:1025 pmb:595 smb:0 d:- ref:0 ;
in:516 out:516 type:B dur:2 cpbdur:2 q:26.23 aq:26.79 tex:550036 mv:16512 misc:252 imb:738 pmb:864 smb:18 d:- ref:0 ;
in:515 out:517 type:b dur:2 cpbdur:2 q:26.23 aq:27.29 tex:482006 mv:15657 misc:417 imb:734 pmb:840 smb:46 d:- ref:0 ;
in:517 out:518 type:b dur:2 cpbdur:2 q:26.23 aq:27.22 tex:486305 mv:15622 misc:345 imb:730 pmb:838 smb:52 d:- ref:0 ;
in:522 out:519 type:P dur:2 cpbdur:2 q:26.19 aq:25.94 tex:727567 mv:9082 misc:159 imb:953 pmb:667 smb:0 d:- ref:0 ;
in:520 out:520 type:B dur:2 cpbdur:2 q:26.20 aq:26.86 tex:541583 mv:15669 misc:308 imb:738 pmb:854 smb:28 d:- ref:0 ;
in:519 out:521 type:b dur:2 cpbdur:2 q:26.20 aq:27.29 tex:475395 mv:15619 misc:442 imb:752 pmb:786 smb:82 d:- ref:0 ;
in:521 out:522 type:b dur:2 cpbdur:2 q:26.20 aq:27.24 tex:470129 mv:15017 misc:430 imb:720 pmb:813 smb:87 d:- ref:0 ;
in:526 out:523 type:P dur:2 cpbdur:2 q:26.18 aq:26.17 tex:695487 mv:8686 misc:171 imb:948 pmb:671 smb:1 d:- ref:0 ;
in:524 out:524 type:B dur:2 cpbdur:2 q:26.19 aq:26.80 tex:539050 mv:15570 misc:300 imb:732 pmb:857 smb:31 d:- ref:0 ;
in:523 out:525 type:b dur:2 cpbdur:2 q:26.19 aq:27.33 tex:471643 mv:15075 misc:490 imb:702 pmb:835 smb:83 d:- ref:0 ;
in:525 out:526 type:b dur:2 cpbdur:2 q:26.19 aq:27.34 tex:473803 mv:15809 misc:428 imb:699 pmb:848 smb:73 d:- ref:0 ;
in:530 out:527 type:P dur:2 cpbdur:2 q:26.16 aq:27.32 tex:550716 mv:8508 misc:264 imb:952 pmb:642 smb:26 d:- ref:0 ;
in:528 out:528 type:B dur:2 cpbdur:2 q:26.18 aq:26.63 tex:556257 mv:15688 misc:271 imb:717 pmb:875 smb:28 d:- ref:0 ;
in:527 out:529 type:b dur:2 cpbdur:2 q:26.18 aq:27.18 tex:464793 mv:14684 misc:499 imb:709 pmb:808 smb:103 d:- ref:0 ;
in:529 out:530 type:b dur:2 cpbdur:2 q:26.18 aq:27.13 tex:464703 mv:14118 misc:523 imb:670 pmb:841 smb:109 d:- ref:0 ;
in:531 out:531 type:I dur:2 cpbdur:2 q:23.32 aq:22.70 tex:1164083 mv:39768 misc:109 imb:1620 pmb:0 smb:0 d:- ref:;
in:535 out:532 type:P dur:2 cpbdur:2 q:26.18 aq:25.78 tex:755285 mv:6649 misc:154 imb:1072 pmb:548 smb:0 d:- ref:0 ;
in:533 out:533 type:B dur:2 cpbdur:2 q:26.18 aq:26.47 tex:608070 mv:12646 misc:284 imb:947 pmb:650 smb:23 d:- ref:0 ;
in:532 out:534 type:b dur:2 cpbdur:2 q:26.18 aq:26.96 tex:552965 mv:13809 misc:266 imb:921 pmb:661 smb:38 d:- ref:0 ;
in:534 out:535 type:b dur:2 cpbdur:2 q:26.18 aq:26.90 tex:541152 mv:13143 misc:345 imb:915 pmb:653 smb:52 d:- ref:0 ;
in:539 out:536 type:P dur:2 cpbdur:2 q:26.16 aq:25.76 tex:743872 mv:6914 misc:198 imb:1065 pmb:546 smb:9 d:- ref:0 ;
in:537 out:537 type:B dur:2 cpbdur:2 q:26.18 aq:26.54 tex:595179 mv:13072 misc:229 imb:926 pmb:679 smb:15 d:- ref:0 ;
in:536 out:538 type:b dur:2 cpbdur:2 q:26.18 aq:26.92 tex:527322 mv:12883 misc:411 imb:925 pmb:620 smb:75 d:- ref:0 ;
in:538 out:539 type:b dur:2 cpbdur:2 q:26.18 aq:26.85 tex:532475 mv:12714 misc:387 imb:909 pmb:649 smb:62 d:- ref:0 ;
in:543 out:540 type:P dur:2 cpbdur:2 q:26.14 aq:25.69 tex:766300 mv:7383 misc:157 imb:1056 pmb:564 smb:0 d:- ref:0 ;
in:541 out:541 type:B dur:2 cpbdur:2 q:26.15 aq:26.54 tex:595321 mv:13020 misc:211 imb:935 pmb:681 smb:4 d:- ref:0 ;
in:540 out:542 type:b dur:2 cpbdur:2 q:26.15 aq:27.02 tex:532066 mv:12367 misc:367 imb:929 pmb:646 smb:45 d:- ref:0 ;
in:542 out:543 type:b dur:2 cpbdur:2 q:26.15 aq:27.00 tex:524112 mv:12793 misc:359 imb:912 pmb:654 smb:54 d:- ref:0 ;
in:547 out:544 type:P dur:2 cpbdur:2 q:26.15 aq:25.78 tex:737367 mv:7209 misc:168 imb:1036 pmb:583 smb:1 d:- ref:0 ;
in:545 out:545 type:B dur:2 cpbdur:2 q:26.15 aq:26.45 tex:603221 mv:13389 misc:262 imb:911 pmb:690 smb:19 d:- ref:0 ;
in:544 out:546 type:b dur:2 cpbdur:2 q:26.15 aq:26.89 tex:532925 mv:13044 misc:455 imb:911 pmb:636 smb:73 d:- ref:0 ;
in:546 out:547 type:b dur:2 cpbdur:2 q:26.15 aq:27.03 tex:527293 mv:12393 misc:346 imb:934 pmb:629 smb:57 d:- ref:0 ;
in:551 out:548 type:P dur:2 cpbdur:2 q:26.15 aq:25.66 tex:769738 mv:7530 misc:156 imb:1063 pmb:557 smb:0 d:- ref:0 ;
in:549 out:549 type:B dur:2 cpbdur:2 q:26.15 aq:26.54 tex:589136 mv:12921 misc:303 imb:904 pmb:695 smb:21 d:- ref:0 ;
in:548 out:550 type:b dur:2 cpbdur:2 q:26.15 aq:27.01 tex:527426 mv:13476 misc:330 imb:912 pmb:670 smb:38 d:- ref:0 ;
in:550 out:551 type:b dur:2 cpbdur:2 q:26.15 aq:26.96 tex:555892 mv:13253 misc:255 imb:956 pmb:649 smb:15 d:- ref:0 ;
in:555 out:552 type:P dur:2 cpbdur:2 q:26.17 aq:25.81 tex:732580 mv:7201 misc:163 imb:1023 pmb:596 smb:1 d:- ref:0 ;
in:553 out:553 type:B dur:2 cpbdur:2 q:26.17 aq:26.53 tex:592003 mv:12930 misc:291 imb:897 pmb:695 smb:28 d:- ref:0 ;
in:552 out:554 type:b dur:2 cpbdur:2 q:26.17 aq:26.99 tex:519557 mv:13606 misc:381 imb:902 pmb:651 smb:67 d:- ref:0 ;
in:554 out:555 type:b dur:2 cpbdur:2 q:26.17 aq:26.90 tex:525393 mv:12746 misc:437 imb:897 pmb:649 smb:74 d:- ref:0 ;
in:559 out:556 type:P dur:2 cpbdur:2 q:26.16 aq:26.15 tex:685741 mv:7302 misc:157 imb:1029 pmb:591 smb:0 d:- ref:0 ;
in:557 out:557 type:B dur:2 cpbdur:2 q:26.17 aq:26.45 tex:593579 mv:13165 misc:288 imb:903 pmb:686 smb:31 d:- ref:0 ;
in:556 out:558 type:b dur:2 cpbdur:2 q:26.17 aq:26.84 tex:529919 mv:12430 misc:427 imb:914 pmb:616 smb:90 d:- ref:0 ;
in:558 out:559 type:b dur:2 cpbdur:2 q:26.17 aq:26.94 tex:527245 mv:12548 misc:391 imb:896 pmb:649 smb:75 d:- ref:0 ;
in:562 out:560 type:P dur:2 cpbdur:2 q:26.16 aq:26.89 tex:590910 mv:6928 misc:218 imb:1041 pmb:564 smb:15 d:- ref:0 ;
in:560 out:561 type:B dur:2 cpbdur:2 q:26.16 aq:26.83 tex:552646 mv:12958 misc:324 imb:924 pmb:644 smb:52 d:- ref:0 ;
in:561 out:562 type:b dur:2 cpbdur:2 q:26.16 aq:26.95 tex:527554 mv:13504 misc:366 imb:896 pmb:651 smb:73 d:- ref:0 ;
in:563 out:563 type:I dur:2 cpbdur:2 q:23.26 aq:23.42 tex:1124816 mv:51594 misc:102 imb:1620 pmb:0 smb:0 d:- ref:;
in:567 out:564 type:P dur:2 cpbdur:2 q:26.19 aq:26.56 tex:738381 mv:9838 misc:149 imb:956 pmb:664 smb:0 d:- ref:0 ;
in:565 out:565 type:B dur:2 cpbdur:2 q:26.19 aq:27.10 tex:554265 mv:19239 misc:328 imb:642 pmb:932 smb:46 d:- ref:0 ;
in:564 out:566 type:b dur:2 cpbdur:2 q:26.19 aq:27.68 tex:441507 mv:18281 misc:484 imb:560 pmb:960 smb:100 d:- ref:0 ;
in:566 out:567 type:b dur:2 cpbdur:2 q:26.19 aq:27.72 tex:432606 mv:17889 misc:585 imb:555 pmb:939 smb:126 d:- ref:0 ;
in:571 out:568 type:P dur:2 cpbdur:2 q:26.20 aq:26.53 tex:733152 mv:9178 misc:166 imb:992 pmb:628 smb:0 d:- ref:0 ;
in:569 out:569 type:B dur:2 cpbdur:2 q:26.20 aq:27.08 tex:550916 mv:19715 misc:337 imb:648 pmb:921 smb:51 d:- ref:0 ;
in:568 out:570 type:b dur:2 cpbdur:2 q:26.20 aq:27.69 tex:444352 mv:18256 misc:568 imb:584 pmb:912 smb:124 d:- ref:0 ;
in:570 out:571 type:b dur:2 cpbdur:2 q:26.20 aq:27.69 tex:438451 mv:18405 misc:560 imb:556 pmb:937 smb:127 d:- ref:0 ;
in:575 out:572 type:P dur:2 cpbdur:2 q:26.20 aq:26.51 tex:756196 mv:9197 misc:167 imb:1023 pmb:597 smb:0 d:- ref:0 ;
in:573 out:573 type:B dur:2 cpbdur:2 q:26.20 aq:27.17 tex:533476 mv:18683 misc:345 imb:612 pmb:981 smb:27 d:- ref:0 ;
in:572 out:574 type:b dur:2 cpbdur:2 q:26.20 aq:27.72 tex:461410 mv:17384 misc:582 imb:617 pmb:859 smb:144 d:- ref:0 ;
in:574 out:575 type:b dur:2 cpbdur:2 q:26.20 aq:27.83 tex:452152 mv:18112 misc:512 imb:614 pmb:897 smb:109 d:- ref:0 ;
in:579 out:576 type:P dur:2 cpbdur:2 q:26.22 aq:26.46 tex:740793 mv:9237 misc:170 imb:962 pmb:657 smb:1 d:- ref:0 ;
in:577 out:577 type:B dur:2 cpbdur:2 q:26.22 aq:27.07 tex:535994 mv:18040 misc:318 imb:610 pmb:976 smb:34 d:- ref:0 ;
in:576 out:578 type:b dur:2 cpbdur:2 q:26.22 aq:27.62 tex:454894 mv:17532 misc:606 imb:588 pmb:898 smb:134 d:- ref:0 ;
in:578 out:579 type:b dur:2 cpbdur:2 q:26.22 aq:27.66 tex:455288 mv:17831 misc:561 imb:627 pmb:868 smb:125 d:- ref:0 ;
in:583 out:580 type:P dur:2 cpbdur:2 q:26.20 aq:26.48 tex:722923 mv:9282 misc:171 imb:935 pmb:685 smb:0 d:- ref:0 ;
in:581 out:581 type:B dur:2 cpbdur:2 q:26.22 aq:27.14 tex:520904 mv:17434 misc:302 imb:606 pmb:990 smb:24 d:- ref:0 ;
in:580 out:582 type:b dur:2 cpbdur:2 q:26.22 aq:27.64 tex:445326 mv:17175 misc:603 imb:605 pmb:873 smb:142 d:- ref:0 ;
in:582 out:583 type:b dur:2 cpbdur:2 q:26.22 aq:27.68 tex:435526 mv:17336 misc:546 imb:601 pmb:900 smb:119 d:- ref:0 ;
in:587 out:584 type:P dur:2 cpbdur:2 q:26.17 aq:26.54 tex:712456 mv:9043 misc:157 imb:953 pmb:667 smb:0 d:- ref:0 ;
in:585 out:585 type:B dur:2 cpbdur:2 q:26.20 aq:27.11 tex:522225 mv:16980 misc:339 imb:644 pmb:933 smb:43 d:- ref:0 ;
in:584 out:586 type:b dur:2 cpbdur:2 q:26.20 aq:27.70 tex:445359 mv:16622 misc:579 imb:621 pmb:861 smb:138 d:- ref:0 ;
in:586 out:587 type:b dur:2 cpbdur:2 q:26.20 aq:27.66 tex:456918 mv:17134 misc:612 imb:656 pmb:823 smb:141 d:- ref:0 ;
in:591 out:588 type:P dur:2 cpbdur:2 q:26.12 aq:26.25 tex:762808 mv:9275 misc:165 imb:953 pmb:667 smb:0 d:- ref:0 ;
in:589 out:589 type:B dur:2 cpbdur:2 q:26.17 aq:27.03 tex:538631 mv:15728 misc:369 imb:670 pmb:912 smb:38 d:- ref:0 ;
in:588 out:590 type:b dur:2 cpbdur:2 q:26.17 aq:27.57 tex:444184 mv:15050 misc:654 imb:627 pmb:825 smb:168 d:- ref:0 ;
in:590 out:591 type:b dur:2 cpbdur:2 q:26.17 aq:27.64 tex:433990 mv:15662 misc:628 imb:583 pmb:905 smb:132 d:- ref:0 ;
in:595 out:592 type:P dur:2 cpbdur:2 q:26.09 aq:26.15 tex:733882 mv:9236 misc:170 imb:825 pmb:794 smb:1 d:- ref:0 ;
in:593 out:593 type:B dur:2 cpbdur:2 q:26.12 aq:27.11 tex:508339 mv:16189 misc:368 imb:598 pmb:966 smb:56 d:- ref:0 ;
in:592 out:594 type:b dur:2 cpbdur:2 q:26.12 aq:27.68 tex:435347 mv:15366 misc:647 imb:573 pmb:878 smb:169 d:- ref:0 ;
in:594 out:595 type:b dur:2 cpbdur:2 q:26.12 aq:27.63 tex:438939 mv:16441 misc:572 imb:560 pmb:917 smb:143 d:- ref:0 ;
in:599 out:596 type:P dur:2 cpbdur:2 q:26.05 aq:26.04 tex:753296 mv:9351 misc:161 imb:801 pmb:819 smb:0 d:- ref:0 ;
in:597 out:597 type:B dur:2 cpbdur:2 q:26.09 aq:26.96 tex:530721 mv:18060 misc:355 imb:561 pmb:1014 smb:45 d:- ref:0 ;
in:596 out:598 type:b dur:2 cpbdur:2 q:26.09 aq:27.54 tex:427542 mv:16193 misc:609 imb:518 pmb:937 smb:165 d:- ref:0 ;
in:598 out:599 type:b dur:2 cpbdur:2 q:26.09 aq:27.57 tex:410785 mv:15378 misc:629 imb:508 pmb:954 smb:158 d:- ref:0 ;
in:603 out:600 type:P dur:2 cpbdur:2 q:26.03 aq:26.36 tex:691741 mv:9463 misc:236 imb:751 pmb:847 smb:22 d:- ref:0 ;
in:601 out:601 type:B dur:2 cpbdur:2 q:26.05 aq:26.87 tex:515311 mv:16500 misc:429 imb:509 pmb:1046 smb:65 d:- ref:0 ;
in:600 out:602 type:b dur:2 cpbdur:2 q:26.05 aq:27.50 tex:399048 mv:14874 misc:670 imb:477 pmb:982 smb:161 d:- ref:0 ;
in:602 out:603 type:b dur:2 cpbdur:2 q:26.05 aq:27.59 tex:417619 mv:16207 misc:638 imb:506 pmb:965 smb:149 d:- ref:0 ;
in:607 out:604 type:P dur:2 cpbdur:2 q:26.00 aq:26.20 tex:756652 mv:9648 misc:172 imb:919 pmb:701 smb:0 d:- ref:0 ;
in:605 out:605 type:B dur:2 cpbdur:2 q:26.03 aq:26.94 tex:553077 mv:17949 misc:294 imb:610 pmb:988 smb:22 d:- ref:0 ;
in:604 out:606 type:b dur:2 cpbdur:2 q:26.03 aq:27.49 tex:449356 mv:17278 misc:582 imb:553 pmb:944 smb:123 d:- ref:0 ;
in:606 out:607 type:b dur:2 cpbdur:2 q:26.03 aq:27.39 tex:461223 mv:16785 misc:488 imb:582 pmb:944 smb:94 d:- ref:0 ;
in:611 out:608 type:P dur:2 cpbdur:2 q:25.98 aq:25.99 tex:777091 mv:9316 misc:161 imb:885 pmb:735 smb:0 d:- ref:0 ;
in:609 out:609 type:B dur:2 cpbdur:2 q:26.00 aq:26.88 tex:541933 mv:16906 misc:337 imb:607 pmb:972 smb:41 d:- ref:0 ;
in:608 out:610 type:b dur:2 cpbdur:2 q:26.00 aq:27.44 tex:475284 mv:17124 misc:544 imb:623 pmb:884 smb:113 d:- ref:0 ;
in:610 out:611 type:b dur:2 cpbdur:2 q:26.00 aq:27.29 tex:484905 mv:16186 misc:541 imb:668 pmb:829 smb:123 d:- ref:0 ;
in:615 out:612 type:P dur:2 cpbdur:2 q:25.95 aq:26.11 tex:728188 mv:9945 misc:211 imb:761 pmb:846 smb:13 d:- ref:0 ;
in:613 out:613 type:B dur:2 cpbdur:2 q:25.98 aq:26.72 tex:546291 mv:17628 misc:321 imb:560 pmb:1027 smb:33 d:- ref:0 ;
in:612 out:614 type:b dur:2 cpbdur:2 q:25.98 aq:27.46 tex:440710 mv:16175 misc:587 imb:536 pmb:954 smb:130 d:- ref:0 ;
in:614 out:615 type:b dur:2 cpbdur:2 q:25.98 aq:27.38 tex:434055 mv:15990 misc:587 imb:538 pmb:955 smb:127 d:- ref:0 ;
in:619 out:616 type:P dur:2 cpbdur:2 q:25.92 aq:26.07 tex:756977 mv:9716 misc:171 imb:884 pmb:736 smb:0 d:- ref:0 ;
in:617 out:617 type:B dur:2 cpbdur:2 q:25.95 aq:26.77 tex:565621 mv:18261 misc:286 imb:615 pmb:987 smb:18 d:- ref:0 ;
in:616 out:618 type:b dur:2 cpbdur:2 q:25.95 aq:27.41 tex:446628 mv:16970 misc:522 imb:551 pmb:962 smb:107 d:- ref:0 ;
in:618 out:619 type:b dur:2 cpbdur:2 q:25.95 aq:27.43 tex:457328 mv:16997 misc:523 imb:576 pmb:945 smb:99 d:- ref:0 ;
in:623 out:620 type:P dur:2 cpbdur:2 q:25.91 aq:26.28 tex:752815 mv:10390 misc:155 imb:885 pmb:734 smb:1 d:- ref:0 ;
in:621 out:621 type:B dur:2 cpbdur:2 q:25.92 aq:26.82 tex:553854 mv:17994 misc:264 imb:560 pmb:1047 smb:13 d:- ref:0 ;
in:620 out:622 type:b dur:2 cpbdur:2 q:25.92 aq:27.36 tex:463454 mv:17609 misc:425 imb:593 pmb:960 smb:67 d:- ref:0 ;
in:622 out:623 type:b dur:2 cpbdur:2 q:25.92 aq:27.46 tex:473520 mv:17695 misc:281 imb:591 pmb:995 smb:34 d:- ref:0 ;
in:627 out:624 type:P dur:2 cpbdur:2 q:25.90 aq:26.01 tex:799853 mv:11198 misc:165 imb:894 pmb:725 smb:1 d:- ref:0 ;
in:625 out:625 type:B dur:2 cpbdur:2 q:25.91 aq:26.81 tex:579725 mv:19795 misc:224 imb:631 pmb:980 smb:9 d:- ref:0 ;
in:624 out:626 type:b dur:2 cpbdur:2 q:25.91 aq:27.41 tex:469386 mv:19062 misc:392 imb:577 pmb:985 smb:58 d:- ref:0 ;
in:626 out:627 type:b dur:2 cpbdur:2 q:25.91 aq:27.45 tex:456914 mv:18789 misc:321 imb:527 pmb:1049 smb:44 d:- ref:0 ;
in:631 out:628 type:P dur:2 cpbdur:2 q:25.89 aq:26.08 tex:756663 mv:11748 misc:165 imb:752 pmb:868 smb:0 d:- ref:0 ;
in:629 out:629 type:B dur:2 cpbdur:2 q:25.90 aq:26.83 tex:533350 mv:19364 misc:262 imb:505 pmb:1101 smb:14 d:- ref:0 ;
in:628 out:630 type:b dur:2 cpbdur:2 q:25.90 aq:27.49 tex:433988 mv:17455 misc:373 imb:487 pmb:1090 smb:43 d:- ref:0 ;
in:630 out:631 type:b dur:2 cpbdur:2 q:25.90 aq:27.44 tex:427389 mv:17437 misc:406 imb:457 pmb:1097 smb:66 d:- ref:0 ;
in:635 out:632 type:P dur:2 cpbdur:2 q:25.88 aq:26.20 tex:751733 mv:10434 misc:161 imb:929 pmb:691 smb:0 d:- ref:0 ;
in:633 out:633 type:B dur:2 cpbdur:2 q:25.89 aq:26.77 tex:550215 mv:18853 misc:292 imb:558 pmb:1034 smb:28 d:- ref:0 ;
in:632 out:634 type:b dur:2 cpbdur:2 q:25.89 aq:27.48 tex:475065 mv:19242 misc:357 imb:598 pmb:968 smb:54 d:- ref:0 ;
in:634 out:635 type:b dur:2 cpbdur:2 q:25.89 aq:27.43 tex:488389 mv:19007 misc:308 imb:637 pmb:930 smb:53 d:- ref:0 ;
in:639 out:636 type:P dur:2 cpbdur:2 q:25.86 aq:26.11 tex:794120 mv:10501 misc:147 imb:942 pmb:678 smb:0 d:- ref:0 ;
in:637 out:637 type:B dur:2 cpbdur:2 q:25.88 aq:26.76 tex:581686 mv:19503 misc:267 imb:645 pmb:962 smb:13 d:- ref:0 ;
in:636 out:638 type:b dur:2 cpbdur:2 q:25.88 aq:27.43 tex:490414 mv:18105 misc:385 imb:647 pmb:894 smb:79 d:- ref:0 ;
in:638 out:639 type:b dur:2 cpbdur:2 q:25.88 aq:27.55 tex:496580 mv:18623 misc:381 imb:654 pmb:906 smb:60 d:- ref:0 ;
in:643 out:640 type:P dur:2 cpbdur:2 q:25.85 aq:25.97 tex:776791 mv:10398 misc:155 imb:832 pmb:788 smb:0 d:- ref:0 ;
in:641 out:641 type:B dur:2 cpbdur:2 q:25.86 aq:26.73 tex:558902 mv:18447 misc:347 imb:577 pmb:994 smb:49 d:- ref:0 ;
in:640 out:642 type:b dur:2 cpbdur:2 q:25.86 aq:27.55 tex:508163 mv:19977 misc:268 imb:663 pmb:946 smb:11 d:- ref:0 ;
in:642 out:643 type:b dur:2 cpbdur:2 q:25.86 aq:27.44 tex:455028 mv:17291 misc:385 imb:521 pmb:1029 smb:70 d:- ref:0 ;
in:647 out:644 type:P dur:2 cpbdur:2 q:25.83 aq:26.54 tex:724627 mv:10591 misc:182 imb:814 pmb:805 smb:1 d:- ref:0 ;
in:645 out:645 type:B dur:2 cpbdur:2 q:25.85 aq:26.74 tex:559993 mv:18090 misc:325 imb:527 pmb:1053 smb:40 d:- ref:0 ;
in:644 out:646 type:b dur:2 cpbdur:2 q:25.85 aq:27.59 tex:447801 mv:18430 misc:385 imb:499 pmb:1044 smb:77 d:- ref:0 ;
in:646 out:647 type:b dur:2 cpbdur:2 q:25.85 aq:27.63 tex:444399 mv:18142 misc:387 imb:481 pmb:1062 smb:77 d:- ref:0 ;
in:651 out:648 type:P dur:2 cpbdur:2 q:25.82 aq:26.95 tex:791144 mv:10060 misc:148 imb:1129 pmb:491 smb:0 d:- ref:0 ;
in:649 out:649 type:B dur:2 cpbdur:2 q:25.83 aq:27.05 tex:656914 mv:20831 misc:271 imb:744 pmb:848 smb:28 d:- ref:0 ;
in:648 out:650 type:b dur:2 cpbdur:2 q:25.83 aq:27.76 tex:471111 mv:20698 misc:343 imb:511 pmb:1046 smb:63 d:- ref:0 ;
in:650 out:651 type:b dur:2 cpbdur:2 q:25.83 aq:28.03 tex:513260 mv:20385 misc:331 imb:596 pmb:964 smb:60 d:- ref:0 ;
in:653 out:652 type:P dur:2 cpbdur:2 q:25.83 aq:27.11 tex:709620 mv:10834 misc:186 imb:930 pmb:689 smb:1 d:- ref:0 ;
in:652 out:653 type:b dur:2 cpbdur:2 q:25.83 aq:28.00 tex:574836 mv:21082 misc:258 imb:754 pmb:810 smb:56 d:- ref:0 ;
in:655 out:654 type:P dur:2 cpbdur:2 q:25.83 aq:27.18 tex:698658 mv:9994 misc:172 imb:1025 pmb:595 smb:0 d:- ref:0 ;
in:654 out:655 type:b dur:2 cpbdur:2 q:25.83 aq:27.35 tex:674361 mv:18712 misc:271 imb:1015 pmb:554 smb:51 d:- ref:0 ;
in:657 out:656 type:P dur:2 cpbdur:2 q:25.83 aq:26.50 tex:843012 mv:6911 misc:197 imb:1424 pmb:192 smb:4 d:- ref:0 ;
in:656 out:657 type:b dur:2 cpbdur:2 q:25.83 aq:27.30 tex:631338 mv:18383 misc:239 imb:815 pmb:770 smb:35 d:- ref:0 ;
in:661 out:658 type:P dur:2 cpbdur:2 q:25.84 aq:27.12 tex:797456 mv:6647 misc:225 imb:1439 pmb:150 smb:31 d:- ref:0 ;
in:659 out:659 type:B dur:2 cpbdur:2 q:25.84 aq:26.42 tex:782054 mv:21455 misc:259 imb:869 pmb:727 smb:24 d:- ref:0 ;
in:658 out:660 type:b dur:2 cpbdur:2 q:25.84 aq:27.15 tex:585299 mv:20284 misc:257 imb:680 pmb:900 smb:40 d:- ref:0 ;
in:660 out:661 type:b dur:2 cpbdur:2 q:25.84 aq:27.16 tex:562652 mv:20064 misc:276 imb:590 pmb:982 smb:48 d:- ref:0 ;
